# JRE version: OpenJDK Runtime Environment (8.0_252-b09) (build 1.8.0_252-8u252-b09-1~16.04-b09)
# Java VM: OpenJDK 64-Bit Server VM (25.252-b09 mixed mode linux-amd64 compressed oops)
Heap:
 PSYoungGen      total 715776K, used 104458K [0x0000000781f80000, 0x00000007aef80000, 0x00000007c0000000)
  eden space 695296K, 15% used [0x0000000781f80000,0x0000000788582b08,0x00000007ac680000)
  from space 20480K, 0% used [0x00000007adb80000,0x00000007adb80000,0x00000007aef80000)
  to   space 20992K, 0% used [0x00000007ac680000,0x00000007ac680000,0x00000007adb00000)
 ParOldGen       total 117248K, used 31190K [0x0000000705e00000, 0x000000070d080000, 0x0000000781f80000)
  object space 117248K, 26% used [0x0000000705e00000,0x0000000707c75bb8,0x000000070d080000)
 Metaspace       used 60660K, capacity 64718K, committed 65048K, reserved 1105920K
  class space    used 8406K, capacity 9132K, committed 9248K, reserved 1048576K
GC Heap History (10 events):
Event: 7.116 GC heap before
{Heap before GC invocations=13 (full 3):
 PSYoungGen      total 525312K, used 10833K [0x0000000781f80000, 0x00000007a3880000, 0x00000007c0000000)
  eden space 506880K, 0% used [0x0000000781f80000,0x0000000781f80000,0x00000007a0e80000)
  from space 18432K, 58% used [0x00000007a2680000,0x00000007a31145b0,0x00000007a3880000)
  to   space 21504K, 0% used [0x00000007a0e80000,0x00000007a0e80000,0x00000007a2380000)
 ParOldGen       total 91648K, used 32656K [0x0000000705e00000, 0x000000070b780000, 0x0000000781f80000)
  object space 91648K, 35% used [0x0000000705e00000,0x0000000707de41b8,0x000000070b780000)
 Metaspace       used 55402K, capacity 59056K, committed 59160K, reserved 1099776K
  class space    used 7745K, capacity 8379K, committed 8480K, reserved 1048576K
Event: 7.320 GC heap after
Heap after GC invocations=13 (full 3):
 PSYoungGen      total 525312K, used 0K [0x0000000781f80000, 0x00000007a3880000, 0x00000007c0000000)
  eden space 506880K, 0% used [0x0000000781f80000,0x0000000781f80000,0x00000007a0e80000)
  from space 18432K, 0% used [0x00000007a2680000,0x00000007a2680000,0x00000007a3880000)
  to   space 21504K, 0% used [0x00000007a0e80000,0x00000007a0e80000,0x00000007a2380000)
 ParOldGen       total 117248K, used 26673K [0x0000000705e00000, 0x000000070d080000, 0x0000000781f80000)
  object space 117248K, 22% used [0x0000000705e00000,0x000000070780c450,0x000000070d080000)
 Metaspace       used 55390K, capacity 59024K, committed 59160K, reserved 1099776K
  class space    used 7742K, capacity 8373K, committed 8480K, reserved 1048576K
}
Event: 291.882 GC heap before
{Heap before GC invocations=14 (full 3):
 PSYoungGen      total 525312K, used 159227K [0x0000000781f80000, 0x00000007a3880000, 0x00000007c0000000)
  eden space 506880K, 31% used [0x0000000781f80000,0x000000078bafee10,0x00000007a0e80000)
  from space 18432K, 0% used [0x00000007a2680000,0x00000007a2680000,0x00000007a3880000)
  to   space 21504K, 0% used [0x00000007a0e80000,0x00000007a0e80000,0x00000007a2380000)
 ParOldGen       total 117248K, used 26673K [0x0000000705e00000, 0x000000070d080000, 0x0000000781f80000)
  object space 117248K, 22% used [0x0000000705e00000,0x000000070780c450,0x000000070d080000)
 Metaspace       used 59969K, capacity 63794K, committed 64152K, reserved 1103872K
  class space    used 8331K, capacity 9013K, committed 9120K, reserved 1048576K
Event: 291.889 GC heap after
Heap after GC invocations=14 (full 3):
 PSYoungGen      total 528384K, used 4859K [0x0000000781f80000, 0x00000007af080000, 0x00000007c0000000)
  eden space 506880K, 0% used [0x0000000781f80000,0x0000000781f80000,0x00000007a0e80000)
  from space 21504K, 22% used [0x00000007a0e80000,0x00000007a133edd8,0x00000007a2380000)
  to   space 21504K, 0% used [0x00000007adb80000,0x00000007adb80000,0x00000007af080000)
 ParOldGen       total 117248K, used 26681K [0x0000000705e00000, 0x000000070d080000, 0x0000000781f80000)
  object space 117248K, 22% used [0x0000000705e00000,0x000000070780e450,0x000000070d080000)
 Metaspace       used 59969K, capacity 63794K, committed 64152K, reserved 1103872K
  class space    used 8331K, capacity 9013K, committed 9120K, reserved 1048576K
}
Event: 291.889 GC heap before
{Heap before GC invocations=15 (full 4):
 PSYoungGen      total 528384K, used 4859K [0x0000000781f80000, 0x00000007af080000, 0x00000007c0000000)
  eden space 506880K, 0% used [0x0000000781f80000,0x0000000781f80000,0x00000007a0e80000)
  from space 21504K, 22% used [0x00000007a0e80000,0x00000007a133edd8,0x00000007a2380000)
  to   space 21504K, 0% used [0x00000007adb80000,0x00000007adb80000,0x00000007af080000)
 ParOldGen       total 117248K, used 26681K [0x0000000705e00000, 0x000000070d080000, 0x0000000781f80000)
  object space 117248K, 22% used [0x0000000705e00000,0x000000070780e450,0x000000070d080000)
 Metaspace       used 59969K, capacity 63794K, committed 64152K, reserved 1103872K
  class space    used 8331K, capacity 9013K, committed 9120K, reserved 1048576K
Event: 292.304 GC heap after
Heap after GC invocations=15 (full 4):
 PSYoungGen      total 528384K, used 0K [0x0000000781f80000, 0x00000007af080000, 0x00000007c0000000)
  eden space 506880K, 0% used [0x0000000781f80000,0x0000000781f80000,0x00000007a0e80000)
  from space 21504K, 0% used [0x00000007a0e80000,0x00000007a0e80000,0x00000007a2380000)
  to   space 21504K, 0% used [0x00000007adb80000,0x00000007adb80000,0x00000007af080000)
 ParOldGen       total 117248K, used 29335K [0x0000000705e00000, 0x000000070d080000, 0x0000000781f80000)
  object space 117248K, 25% used [0x0000000705e00000,0x0000000707aa5d90,0x000000070d080000)
 Metaspace       used 59965K, capacity 63788K, committed 64152K, reserved 1103872K
  class space    used 8330K, capacity 9012K, committed 9120K, reserved 1048576K
}
Event: 299.330 GC heap before
{Heap before GC invocations=16 (full 4):
 PSYoungGen      total 528384K, used 265312K [0x0000000781f80000, 0x00000007af080000, 0x00000007c0000000)
  eden space 506880K, 52% used [0x0000000781f80000,0x00000007922980c8,0x00000007a0e80000)
  from space 21504K, 0% used [0x00000007a0e80000,0x00000007a0e80000,0x00000007a2380000)
  to   space 21504K, 0% used [0x00000007adb80000,0x00000007adb80000,0x00000007af080000)
 ParOldGen       total 117248K, used 29335K [0x0000000705e00000, 0x000000070d080000, 0x0000000781f80000)
  object space 117248K, 25% used [0x0000000705e00000,0x0000000707aa5d90,0x000000070d080000)
 Metaspace       used 60557K, capacity 64522K, committed 64664K, reserved 1105920K
  class space    used 8391K, capacity 9090K, committed 9120K, reserved 1048576K
Event: 299.338 GC heap after
Heap after GC invocations=16 (full 4):
 PSYoungGen      total 715776K, used 6432K [0x0000000781f80000, 0x00000007aef80000, 0x00000007c0000000)
  eden space 695296K, 0% used [0x0000000781f80000,0x0000000781f80000,0x00000007ac680000)
  from space 20480K, 31% used [0x00000007adb80000,0x00000007ae1c8258,0x00000007aef80000)
  to   space 20992K, 0% used [0x00000007ac680000,0x00000007ac680000,0x00000007adb00000)
 ParOldGen       total 117248K, used 29343K [0x0000000705e00000, 0x000000070d080000, 0x0000000781f80000)
  object space 117248K, 25% used [0x0000000705e00000,0x0000000707aa7d90,0x000000070d080000)
 Metaspace       used 60557K, capacity 64522K, committed 64664K, reserved 1105920K
  class space    used 8391K, capacity 9090K, committed 9120K, reserved 1048576K
}
Event: 299.338 GC heap before
{Heap before GC invocations=17 (full 5):
 PSYoungGen      total 715776K, used 6432K [0x0000000781f80000, 0x00000007aef80000, 0x00000007c0000000)
  eden space 695296K, 0% used [0x0000000781f80000,0x0000000781f80000,0x00000007ac680000)
  from space 20480K, 31% used [0x00000007adb80000,0x00000007ae1c8258,0x00000007aef80000)
  to   space 20992K, 0% used [0x00000007ac680000,0x00000007ac680000,0x00000007adb00000)
 ParOldGen       total 117248K, used 29343K [0x0000000705e00000, 0x000000070d080000, 0x0000000781f80000)
  object space 117248K, 25% used [0x0000000705e00000,0x0000000707aa7d90,0x000000070d080000)
 Metaspace       used 60557K, capacity 64522K, committed 64664K, reserved 1105920K
  class space    used 8391K, capacity 9090K, committed 9120K, reserved 1048576K
Event: 299.635 GC heap after
Heap after GC invocations=17 (full 5):
 PSYoungGen      total 715776K, used 0K [0x0000000781f80000, 0x00000007aef80000, 0x00000007c0000000)
  eden space 695296K, 0% used [0x0000000781f80000,0x0000000781f80000,0x00000007ac680000)
  from space 20480K, 0% used [0x00000007adb80000,0x00000007adb80000,0x00000007aef80000)
  to   space 20992K, 0% used [0x00000007ac680000,0x00000007ac680000,0x00000007adb00000)
 ParOldGen       total 117248K, used 31190K [0x0000000705e00000, 0x000000070d080000, 0x0000000781f80000)
  object space 117248K, 26% used [0x0000000705e00000,0x0000000707c75bb8,0x000000070d080000)
 Metaspace       used 60553K, capacity 64516K, committed 64664K, reserved 1105920K
  class space    used 8390K, capacity 9089K, committed 9120K, reserved 1048576K
}

