# JRE version: OpenJDK Runtime Environment (8.0_252-b09) (build 1.8.0_252-8u252-b09-1~16.04-b09)
# Java VM: OpenJDK 64-Bit Server VM (25.252-b09 mixed mode linux-amd64 compressed oops)
Heap:
 PSYoungGen      total 729600K, used 100279K [0x0000000781f80000, 0x00000007af980000, 0x00000007c0000000)
  eden space 711680K, 14% used [0x0000000781f80000,0x000000078816dfb8,0x00000007ad680000)
  from space 17920K, 0% used [0x00000007ad680000,0x00000007ad680000,0x00000007ae800000)
  to   space 17920K, 0% used [0x00000007ae800000,0x00000007ae800000,0x00000007af980000)
 ParOldGen       total 169472K, used 70646K [0x0000000705e00000, 0x0000000710380000, 0x0000000781f80000)
  object space 169472K, 41% used [0x0000000705e00000,0x000000070a2fdb08,0x0000000710380000)
 Metaspace       used 68163K, capacity 73068K, committed 73344K, reserved 1112064K
  class space    used 9186K, capacity 10049K, committed 10112K, reserved 1048576K
GC Heap History (10 events):
Event: 688.770 GC heap before
{Heap before GC invocations=29 (full 12):
 PSYoungGen      total 730112K, used 7209K [0x0000000781f80000, 0x00000007afb80000, 0x00000007c0000000)
  eden space 710656K, 0% used [0x0000000781f80000,0x0000000781f80000,0x00000007ad580000)
  from space 19456K, 37% used [0x00000007ad580000,0x00000007adc8a408,0x00000007ae880000)
  to   space 18944K, 0% used [0x00000007ae900000,0x00000007ae900000,0x00000007afb80000)
 ParOldGen       total 169472K, used 61305K [0x0000000705e00000, 0x0000000710380000, 0x0000000781f80000)
  object space 169472K, 36% used [0x0000000705e00000,0x00000007099de450,0x0000000710380000)
 Metaspace       used 67164K, capacity 71980K, committed 72192K, reserved 1112064K
  class space    used 9094K, capacity 9923K, committed 9984K, reserved 1048576K
Event: 689.160 GC heap after
Heap after GC invocations=29 (full 12):
 PSYoungGen      total 730112K, used 0K [0x0000000781f80000, 0x00000007afb80000, 0x00000007c0000000)
  eden space 710656K, 0% used [0x0000000781f80000,0x0000000781f80000,0x00000007ad580000)
  from space 19456K, 0% used [0x00000007ad580000,0x00000007ad580000,0x00000007ae880000)
  to   space 18944K, 0% used [0x00000007ae900000,0x00000007ae900000,0x00000007afb80000)
 ParOldGen       total 169472K, used 63264K [0x0000000705e00000, 0x0000000710380000, 0x0000000781f80000)
  object space 169472K, 37% used [0x0000000705e00000,0x0000000709bc80a8,0x0000000710380000)
 Metaspace       used 67160K, capacity 71974K, committed 72192K, reserved 1112064K
  class space    used 9093K, capacity 9922K, committed 9984K, reserved 1048576K
}
Event: 1232.094 GC heap before
{Heap before GC invocations=30 (full 12):
 PSYoungGen      total 730112K, used 445639K [0x0000000781f80000, 0x00000007afb80000, 0x00000007c0000000)
  eden space 710656K, 62% used [0x0000000781f80000,0x000000079d2b1e38,0x00000007ad580000)
  from space 19456K, 0% used [0x00000007ad580000,0x00000007ad580000,0x00000007ae880000)
  to   space 18944K, 0% used [0x00000007ae900000,0x00000007ae900000,0x00000007afb80000)
 ParOldGen       total 169472K, used 63264K [0x0000000705e00000, 0x0000000710380000, 0x0000000781f80000)
  object space 169472K, 37% used [0x0000000705e00000,0x0000000709bc80a8,0x0000000710380000)
 Metaspace       used 67613K, capacity 72438K, committed 72704K, reserved 1112064K
  class space    used 9133K, capacity 9967K, committed 9984K, reserved 1048576K
Event: 1232.102 GC heap after
Heap after GC invocations=30 (full 12):
 PSYoungGen      total 728576K, used 7193K [0x0000000781f80000, 0x00000007af980000, 0x00000007c0000000)
  eden space 711680K, 0% used [0x0000000781f80000,0x0000000781f80000,0x00000007ad680000)
  from space 16896K, 42% used [0x00000007ae900000,0x00000007af0067f0,0x00000007af980000)
  to   space 17920K, 0% used [0x00000007ad680000,0x00000007ad680000,0x00000007ae800000)
 ParOldGen       total 169472K, used 63272K [0x0000000705e00000, 0x0000000710380000, 0x0000000781f80000)
  object space 169472K, 37% used [0x0000000705e00000,0x0000000709bca0a8,0x0000000710380000)
 Metaspace       used 67613K, capacity 72438K, committed 72704K, reserved 1112064K
  class space    used 9133K, capacity 9967K, committed 9984K, reserved 1048576K
}
Event: 1232.102 GC heap before
{Heap before GC invocations=31 (full 13):
 PSYoungGen      total 728576K, used 7193K [0x0000000781f80000, 0x00000007af980000, 0x00000007c0000000)
  eden space 711680K, 0% used [0x0000000781f80000,0x0000000781f80000,0x00000007ad680000)
  from space 16896K, 42% used [0x00000007ae900000,0x00000007af0067f0,0x00000007af980000)
  to   space 17920K, 0% used [0x00000007ad680000,0x00000007ad680000,0x00000007ae800000)
 ParOldGen       total 169472K, used 63272K [0x0000000705e00000, 0x0000000710380000, 0x0000000781f80000)
  object space 169472K, 37% used [0x0000000705e00000,0x0000000709bca0a8,0x0000000710380000)
 Metaspace       used 67613K, capacity 72438K, committed 72704K, reserved 1112064K
  class space    used 9133K, capacity 9967K, committed 9984K, reserved 1048576K
Event: 1232.555 GC heap after
Heap after GC invocations=31 (full 13):
 PSYoungGen      total 728576K, used 0K [0x0000000781f80000, 0x00000007af980000, 0x00000007c0000000)
  eden space 711680K, 0% used [0x0000000781f80000,0x0000000781f80000,0x00000007ad680000)
  from space 16896K, 0% used [0x00000007ae900000,0x00000007ae900000,0x00000007af980000)
  to   space 17920K, 0% used [0x00000007ad680000,0x00000007ad680000,0x00000007ae800000)
 ParOldGen       total 169472K, used 67469K [0x0000000705e00000, 0x0000000710380000, 0x0000000781f80000)
  object space 169472K, 39% used [0x0000000705e00000,0x0000000709fe3730,0x0000000710380000)
 Metaspace       used 67609K, capacity 72432K, committed 72704K, reserved 1112064K
  class space    used 9132K, capacity 9966K, committed 9984K, reserved 1048576K
}
Event: 1243.819 GC heap before
{Heap before GC invocations=32 (full 13):
 PSYoungGen      total 728576K, used 279898K [0x0000000781f80000, 0x00000007af980000, 0x00000007c0000000)
  eden space 711680K, 39% used [0x0000000781f80000,0x00000007930d6bf0,0x00000007ad680000)
  from space 16896K, 0% used [0x00000007ae900000,0x00000007ae900000,0x00000007af980000)
  to   space 17920K, 0% used [0x00000007ad680000,0x00000007ad680000,0x00000007ae800000)
 ParOldGen       total 169472K, used 67469K [0x0000000705e00000, 0x0000000710380000, 0x0000000781f80000)
  object space 169472K, 39% used [0x0000000705e00000,0x0000000709fe3730,0x0000000710380000)
 Metaspace       used 68065K, capacity 72890K, committed 73088K, reserved 1112064K
  class space    used 9171K, capacity 10010K, committed 10112K, reserved 1048576K
Event: 1243.842 GC heap after
Heap after GC invocations=32 (full 13):
 PSYoungGen      total 729600K, used 6186K [0x0000000781f80000, 0x00000007af980000, 0x00000007c0000000)
  eden space 711680K, 0% used [0x0000000781f80000,0x0000000781f80000,0x00000007ad680000)
  from space 17920K, 34% used [0x00000007ad680000,0x00000007adc8abf0,0x00000007ae800000)
  to   space 17920K, 0% used [0x00000007ae800000,0x00000007ae800000,0x00000007af980000)
 ParOldGen       total 169472K, used 67477K [0x0000000705e00000, 0x0000000710380000, 0x0000000781f80000)
  object space 169472K, 39% used [0x0000000705e00000,0x0000000709fe5730,0x0000000710380000)
 Metaspace       used 68065K, capacity 72890K, committed 73088K, reserved 1112064K
  class space    used 9171K, capacity 10010K, committed 10112K, reserved 1048576K
}
Event: 1243.842 GC heap before
{Heap before GC invocations=33 (full 14):
 PSYoungGen      total 729600K, used 6186K [0x0000000781f80000, 0x00000007af980000, 0x00000007c0000000)
  eden space 711680K, 0% used [0x0000000781f80000,0x0000000781f80000,0x00000007ad680000)
  from space 17920K, 34% used [0x00000007ad680000,0x00000007adc8abf0,0x00000007ae800000)
  to   space 17920K, 0% used [0x00000007ae800000,0x00000007ae800000,0x00000007af980000)
 ParOldGen       total 169472K, used 67477K [0x0000000705e00000, 0x0000000710380000, 0x0000000781f80000)
  object space 169472K, 39% used [0x0000000705e00000,0x0000000709fe5730,0x0000000710380000)
 Metaspace       used 68065K, capacity 72890K, committed 73088K, reserved 1112064K
  class space    used 9171K, capacity 10010K, committed 10112K, reserved 1048576K
Event: 1244.497 GC heap after
Heap after GC invocations=33 (full 14):
 PSYoungGen      total 729600K, used 0K [0x0000000781f80000, 0x00000007af980000, 0x00000007c0000000)
  eden space 711680K, 0% used [0x0000000781f80000,0x0000000781f80000,0x00000007ad680000)
  from space 17920K, 0% used [0x00000007ad680000,0x00000007ad680000,0x00000007ae800000)
  to   space 17920K, 0% used [0x00000007ae800000,0x00000007ae800000,0x00000007af980000)
 ParOldGen       total 169472K, used 70646K [0x0000000705e00000, 0x0000000710380000, 0x0000000781f80000)
  object space 169472K, 41% used [0x0000000705e00000,0x000000070a2fdb08,0x0000000710380000)
 Metaspace       used 68061K, capacity 72884K, committed 73088K, reserved 1112064K
  class space    used 9171K, capacity 10009K, committed 10112K, reserved 1048576K
}

