# JRE version: OpenJDK Runtime Environment (8.0_252-b09) (build 1.8.0_252-8u252-b09-1~16.04-b09)
# Java VM: OpenJDK 64-Bit Server VM (25.252-b09 mixed mode linux-amd64 compressed oops)
Heap:
 PSYoungGen      total 205824K, used 91221K [0x0000000781f80000, 0x000000078f380000, 0x00000007c0000000)
  eden space 194560K, 46% used [0x0000000781f80000,0x00000007878956d0,0x000000078dd80000)
  from space 11264K, 0% used [0x000000078e880000,0x000000078e880000,0x000000078f380000)
  to   space 11264K, 0% used [0x000000078dd80000,0x000000078dd80000,0x000000078e880000)
 ParOldGen       total 74240K, used 8334K [0x0000000705e00000, 0x000000070a680000, 0x0000000781f80000)
  object space 74240K, 11% used [0x0000000705e00000,0x00000007066238b8,0x000000070a680000)
 Metaspace       used 23842K, capacity 25050K, committed 25216K, reserved 1071104K
  class space    used 3161K, capacity 3445K, committed 3456K, reserved 1048576K
GC Heap History (10 events):
Event: 1.388 GC heap before
{Heap before GC invocations=3 (full 0):
 PSYoungGen      total 56320K, used 55157K [0x0000000781f80000, 0x0000000788d80000, 0x00000007c0000000)
  eden space 48640K, 100% used [0x0000000781f80000,0x0000000784f00000,0x0000000784f00000)
  from space 7680K, 84% used [0x0000000785680000,0x0000000785cdd668,0x0000000785e00000)
  to   space 7680K, 0% used [0x0000000784f00000,0x0000000784f00000,0x0000000785680000)
 ParOldGen       total 128512K, used 16K [0x0000000705e00000, 0x000000070db80000, 0x0000000781f80000)
  object space 128512K, 0% used [0x0000000705e00000,0x0000000705e04000,0x000000070db80000)
 Metaspace       used 15446K, capacity 15976K, committed 16256K, reserved 1062912K
  class space    used 1894K, capacity 2067K, committed 2176K, reserved 1048576K
Event: 1.397 GC heap after
Heap after GC invocations=3 (full 0):
 PSYoungGen      total 56320K, used 6988K [0x0000000781f80000, 0x0000000788d80000, 0x00000007c0000000)
  eden space 48640K, 0% used [0x0000000781f80000,0x0000000781f80000,0x0000000784f00000)
  from space 7680K, 91% used [0x0000000784f00000,0x00000007855d3378,0x0000000785680000)
  to   space 7680K, 0% used [0x0000000788600000,0x0000000788600000,0x0000000788d80000)
 ParOldGen       total 128512K, used 24K [0x0000000705e00000, 0x000000070db80000, 0x0000000781f80000)
  object space 128512K, 0% used [0x0000000705e00000,0x0000000705e06000,0x000000070db80000)
 Metaspace       used 15446K, capacity 15976K, committed 16256K, reserved 1062912K
  class space    used 1894K, capacity 2067K, committed 2176K, reserved 1048576K
}
Event: 1.974 GC heap before
{Heap before GC invocations=4 (full 0):
 PSYoungGen      total 56320K, used 55628K [0x0000000781f80000, 0x0000000788d80000, 0x00000007c0000000)
  eden space 48640K, 100% used [0x0000000781f80000,0x0000000784f00000,0x0000000784f00000)
  from space 7680K, 91% used [0x0000000784f00000,0x00000007855d3378,0x0000000785680000)
  to   space 7680K, 0% used [0x0000000788600000,0x0000000788600000,0x0000000788d80000)
 ParOldGen       total 128512K, used 24K [0x0000000705e00000, 0x000000070db80000, 0x0000000781f80000)
  object space 128512K, 0% used [0x0000000705e00000,0x0000000705e06000,0x000000070db80000)
 Metaspace       used 18800K, capacity 19540K, committed 19840K, reserved 1067008K
  class space    used 2381K, capacity 2561K, committed 2688K, reserved 1048576K
Event: 1.984 GC heap after
Heap after GC invocations=4 (full 0):
 PSYoungGen      total 104960K, used 7651K [0x0000000781f80000, 0x0000000788d80000, 0x00000007c0000000)
  eden space 97280K, 0% used [0x0000000781f80000,0x0000000781f80000,0x0000000787e80000)
  from space 7680K, 99% used [0x0000000788600000,0x0000000788d78c40,0x0000000788d80000)
  to   space 7680K, 0% used [0x0000000787e80000,0x0000000787e80000,0x0000000788600000)
 ParOldGen       total 128512K, used 826K [0x0000000705e00000, 0x000000070db80000, 0x0000000781f80000)
  object space 128512K, 0% used [0x0000000705e00000,0x0000000705ece968,0x000000070db80000)
 Metaspace       used 18800K, capacity 19540K, committed 19840K, reserved 1067008K
  class space    used 2381K, capacity 2561K, committed 2688K, reserved 1048576K
}
Event: 2.432 GC heap before
{Heap before GC invocations=5 (full 0):
 PSYoungGen      total 104960K, used 104931K [0x0000000781f80000, 0x0000000788d80000, 0x00000007c0000000)
  eden space 97280K, 100% used [0x0000000781f80000,0x0000000787e80000,0x0000000787e80000)
  from space 7680K, 99% used [0x0000000788600000,0x0000000788d78c40,0x0000000788d80000)
  to   space 7680K, 0% used [0x0000000787e80000,0x0000000787e80000,0x0000000788600000)
 ParOldGen       total 128512K, used 826K [0x0000000705e00000, 0x000000070db80000, 0x0000000781f80000)
  object space 128512K, 0% used [0x0000000705e00000,0x0000000705ece968,0x000000070db80000)
 Metaspace       used 20197K, capacity 21112K, committed 21248K, reserved 1067008K
  class space    used 2573K, capacity 2768K, committed 2816K, reserved 1048576K
Event: 2.441 GC heap after
Heap after GC invocations=5 (full 0):
 PSYoungGen      total 104960K, used 7671K [0x0000000781f80000, 0x000000078f380000, 0x00000007c0000000)
  eden space 97280K, 0% used [0x0000000781f80000,0x0000000781f80000,0x0000000787e80000)
  from space 7680K, 99% used [0x0000000787e80000,0x00000007885fdf00,0x0000000788600000)
  to   space 11264K, 0% used [0x000000078e880000,0x000000078e880000,0x000000078f380000)
 ParOldGen       total 128512K, used 2922K [0x0000000705e00000, 0x000000070db80000, 0x0000000781f80000)
  object space 128512K, 2% used [0x0000000705e00000,0x00000007060daa38,0x000000070db80000)
 Metaspace       used 20197K, capacity 21112K, committed 21248K, reserved 1067008K
  class space    used 2573K, capacity 2768K, committed 2816K, reserved 1048576K
}
Event: 2.533 GC heap before
{Heap before GC invocations=6 (full 0):
 PSYoungGen      total 104960K, used 25180K [0x0000000781f80000, 0x000000078f380000, 0x00000007c0000000)
  eden space 97280K, 17% used [0x0000000781f80000,0x00000007830992e0,0x0000000787e80000)
  from space 7680K, 99% used [0x0000000787e80000,0x00000007885fdf00,0x0000000788600000)
  to   space 11264K, 0% used [0x000000078e880000,0x000000078e880000,0x000000078f380000)
 ParOldGen       total 128512K, used 2922K [0x0000000705e00000, 0x000000070db80000, 0x0000000781f80000)
  object space 128512K, 2% used [0x0000000705e00000,0x00000007060daa38,0x000000070db80000)
 Metaspace       used 20342K, capacity 21238K, committed 21248K, reserved 1067008K
  class space    used 2598K, capacity 2809K, committed 2816K, reserved 1048576K
Event: 2.555 GC heap after
Heap after GC invocations=6 (full 0):
 PSYoungGen      total 205824K, used 8465K [0x0000000781f80000, 0x000000078f380000, 0x00000007c0000000)
  eden space 194560K, 0% used [0x0000000781f80000,0x0000000781f80000,0x000000078dd80000)
  from space 11264K, 75% used [0x000000078e880000,0x000000078f0c46b0,0x000000078f380000)
  to   space 11264K, 0% used [0x000000078dd80000,0x000000078dd80000,0x000000078e880000)
 ParOldGen       total 128512K, used 2930K [0x0000000705e00000, 0x000000070db80000, 0x0000000781f80000)
  object space 128512K, 2% used [0x0000000705e00000,0x00000007060dca38,0x000000070db80000)
 Metaspace       used 20342K, capacity 21238K, committed 21248K, reserved 1067008K
  class space    used 2598K, capacity 2809K, committed 2816K, reserved 1048576K
}
Event: 2.555 GC heap before
{Heap before GC invocations=7 (full 1):
 PSYoungGen      total 205824K, used 8465K [0x0000000781f80000, 0x000000078f380000, 0x00000007c0000000)
  eden space 194560K, 0% used [0x0000000781f80000,0x0000000781f80000,0x000000078dd80000)
  from space 11264K, 75% used [0x000000078e880000,0x000000078f0c46b0,0x000000078f380000)
  to   space 11264K, 0% used [0x000000078dd80000,0x000000078dd80000,0x000000078e880000)
 ParOldGen       total 128512K, used 2930K [0x0000000705e00000, 0x000000070db80000, 0x0000000781f80000)
  object space 128512K, 2% used [0x0000000705e00000,0x00000007060dca38,0x000000070db80000)
 Metaspace       used 20342K, capacity 21238K, committed 21248K, reserved 1067008K
  class space    used 2598K, capacity 2809K, committed 2816K, reserved 1048576K
Event: 2.635 GC heap after
Heap after GC invocations=7 (full 1):
 PSYoungGen      total 205824K, used 0K [0x0000000781f80000, 0x000000078f380000, 0x00000007c0000000)
  eden space 194560K, 0% used [0x0000000781f80000,0x0000000781f80000,0x000000078dd80000)
  from space 11264K, 0% used [0x000000078e880000,0x000000078e880000,0x000000078f380000)
  to   space 11264K, 0% used [0x000000078dd80000,0x000000078dd80000,0x000000078e880000)
 ParOldGen       total 74240K, used 8334K [0x0000000705e00000, 0x000000070a680000, 0x0000000781f80000)
  object space 74240K, 11% used [0x0000000705e00000,0x00000007066238b8,0x000000070a680000)
 Metaspace       used 20340K, capacity 21232K, committed 21248K, reserved 1067008K
  class space    used 2598K, capacity 2808K, committed 2816K, reserved 1048576K
}

