# JRE version: OpenJDK Runtime Environment (8.0_252-b09) (build 1.8.0_252-8u252-b09-1~16.04-b09)
# Java VM: OpenJDK 64-Bit Server VM (25.252-b09 mixed mode linux-amd64 compressed oops)
Heap:
 PSYoungGen      total 205824K, used 80793K [0x0000000781f80000, 0x000000078f380000, 0x00000007c0000000)
  eden space 194560K, 41% used [0x0000000781f80000,0x0000000786e667d8,0x000000078dd80000)
  from space 11264K, 0% used [0x000000078e880000,0x000000078e880000,0x000000078f380000)
  to   space 11264K, 0% used [0x000000078dd80000,0x000000078dd80000,0x000000078e880000)
 ParOldGen       total 77824K, used 7761K [0x0000000705e00000, 0x000000070aa00000, 0x0000000781f80000)
  object space 77824K, 9% used [0x0000000705e00000,0x00000007065946f8,0x000000070aa00000)
 Metaspace       used 23819K, capacity 25050K, committed 25216K, reserved 1071104K
  class space    used 3161K, capacity 3445K, committed 3456K, reserved 1048576K
GC Heap History (10 events):
Event: 1.311 GC heap before
{Heap before GC invocations=3 (full 0):
 PSYoungGen      total 56320K, used 55104K [0x0000000781f80000, 0x0000000788d80000, 0x00000007c0000000)
  eden space 48640K, 100% used [0x0000000781f80000,0x0000000784f00000,0x0000000784f00000)
  from space 7680K, 84% used [0x0000000785680000,0x0000000785cd0210,0x0000000785e00000)
  to   space 7680K, 0% used [0x0000000784f00000,0x0000000784f00000,0x0000000785680000)
 ParOldGen       total 128512K, used 24K [0x0000000705e00000, 0x000000070db80000, 0x0000000781f80000)
  object space 128512K, 0% used [0x0000000705e00000,0x0000000705e06000,0x000000070db80000)
 Metaspace       used 15358K, capacity 15910K, committed 16256K, reserved 1062912K
  class space    used 1886K, capacity 2056K, committed 2176K, reserved 1048576K
Event: 1.317 GC heap after
Heap after GC invocations=3 (full 0):
 PSYoungGen      total 56320K, used 6856K [0x0000000781f80000, 0x0000000788d80000, 0x00000007c0000000)
  eden space 48640K, 0% used [0x0000000781f80000,0x0000000781f80000,0x0000000784f00000)
  from space 7680K, 89% used [0x0000000784f00000,0x00000007855b2098,0x0000000785680000)
  to   space 7680K, 0% used [0x0000000788600000,0x0000000788600000,0x0000000788d80000)
 ParOldGen       total 128512K, used 32K [0x0000000705e00000, 0x000000070db80000, 0x0000000781f80000)
  object space 128512K, 0% used [0x0000000705e00000,0x0000000705e08000,0x000000070db80000)
 Metaspace       used 15358K, capacity 15910K, committed 16256K, reserved 1062912K
  class space    used 1886K, capacity 2056K, committed 2176K, reserved 1048576K
}
Event: 1.791 GC heap before
{Heap before GC invocations=4 (full 0):
 PSYoungGen      total 56320K, used 55496K [0x0000000781f80000, 0x0000000788d80000, 0x00000007c0000000)
  eden space 48640K, 100% used [0x0000000781f80000,0x0000000784f00000,0x0000000784f00000)
  from space 7680K, 89% used [0x0000000784f00000,0x00000007855b2098,0x0000000785680000)
  to   space 7680K, 0% used [0x0000000788600000,0x0000000788600000,0x0000000788d80000)
 ParOldGen       total 128512K, used 32K [0x0000000705e00000, 0x000000070db80000, 0x0000000781f80000)
  object space 128512K, 0% used [0x0000000705e00000,0x0000000705e08000,0x000000070db80000)
 Metaspace       used 18786K, capacity 19530K, committed 19712K, reserved 1067008K
  class space    used 2381K, capacity 2560K, committed 2560K, reserved 1048576K
Event: 1.799 GC heap after
Heap after GC invocations=4 (full 0):
 PSYoungGen      total 104960K, used 7678K [0x0000000781f80000, 0x0000000788d80000, 0x00000007c0000000)
  eden space 97280K, 0% used [0x0000000781f80000,0x0000000781f80000,0x0000000787e80000)
  from space 7680K, 99% used [0x0000000788600000,0x0000000788d7f890,0x0000000788d80000)
  to   space 7680K, 0% used [0x0000000787e80000,0x0000000787e80000,0x0000000788600000)
 ParOldGen       total 128512K, used 833K [0x0000000705e00000, 0x000000070db80000, 0x0000000781f80000)
  object space 128512K, 0% used [0x0000000705e00000,0x0000000705ed0410,0x000000070db80000)
 Metaspace       used 18786K, capacity 19530K, committed 19712K, reserved 1067008K
  class space    used 2381K, capacity 2560K, committed 2560K, reserved 1048576K
}
Event: 2.274 GC heap before
{Heap before GC invocations=5 (full 0):
 PSYoungGen      total 104960K, used 104958K [0x0000000781f80000, 0x0000000788d80000, 0x00000007c0000000)
  eden space 97280K, 100% used [0x0000000781f80000,0x0000000787e80000,0x0000000787e80000)
  from space 7680K, 99% used [0x0000000788600000,0x0000000788d7f890,0x0000000788d80000)
  to   space 7680K, 0% used [0x0000000787e80000,0x0000000787e80000,0x0000000788600000)
 ParOldGen       total 128512K, used 833K [0x0000000705e00000, 0x000000070db80000, 0x0000000781f80000)
  object space 128512K, 0% used [0x0000000705e00000,0x0000000705ed0410,0x000000070db80000)
 Metaspace       used 20176K, capacity 21038K, committed 21248K, reserved 1067008K
  class space    used 2572K, capacity 2767K, committed 2816K, reserved 1048576K
Event: 2.285 GC heap after
Heap after GC invocations=5 (full 0):
 PSYoungGen      total 104960K, used 7670K [0x0000000781f80000, 0x000000078f380000, 0x00000007c0000000)
  eden space 97280K, 0% used [0x0000000781f80000,0x0000000781f80000,0x0000000787e80000)
  from space 7680K, 99% used [0x0000000787e80000,0x00000007885fd910,0x0000000788600000)
  to   space 11264K, 0% used [0x000000078e880000,0x000000078e880000,0x000000078f380000)
 ParOldGen       total 128512K, used 2850K [0x0000000705e00000, 0x000000070db80000, 0x0000000781f80000)
  object space 128512K, 2% used [0x0000000705e00000,0x00000007060c8868,0x000000070db80000)
 Metaspace       used 20176K, capacity 21038K, committed 21248K, reserved 1067008K
  class space    used 2572K, capacity 2767K, committed 2816K, reserved 1048576K
}
Event: 2.418 GC heap before
{Heap before GC invocations=6 (full 0):
 PSYoungGen      total 104960K, used 34870K [0x0000000781f80000, 0x000000078f380000, 0x00000007c0000000)
  eden space 97280K, 27% used [0x0000000781f80000,0x0000000783a0ffd0,0x0000000787e80000)
  from space 7680K, 99% used [0x0000000787e80000,0x00000007885fd910,0x0000000788600000)
  to   space 11264K, 0% used [0x000000078e880000,0x000000078e880000,0x000000078f380000)
 ParOldGen       total 128512K, used 2850K [0x0000000705e00000, 0x000000070db80000, 0x0000000781f80000)
  object space 128512K, 2% used [0x0000000705e00000,0x00000007060c8868,0x000000070db80000)
 Metaspace       used 20395K, capacity 21240K, committed 21248K, reserved 1067008K
  class space    used 2610K, capacity 2810K, committed 2816K, reserved 1048576K
Event: 2.429 GC heap after
Heap after GC invocations=6 (full 0):
 PSYoungGen      total 205824K, used 7917K [0x0000000781f80000, 0x000000078f380000, 0x00000007c0000000)
  eden space 194560K, 0% used [0x0000000781f80000,0x0000000781f80000,0x000000078dd80000)
  from space 11264K, 70% used [0x000000078e880000,0x000000078f03b600,0x000000078f380000)
  to   space 11264K, 0% used [0x000000078dd80000,0x000000078dd80000,0x000000078e880000)
 ParOldGen       total 128512K, used 2858K [0x0000000705e00000, 0x000000070db80000, 0x0000000781f80000)
  object space 128512K, 2% used [0x0000000705e00000,0x00000007060ca868,0x000000070db80000)
 Metaspace       used 20395K, capacity 21240K, committed 21248K, reserved 1067008K
  class space    used 2610K, capacity 2810K, committed 2816K, reserved 1048576K
}
Event: 2.429 GC heap before
{Heap before GC invocations=7 (full 1):
 PSYoungGen      total 205824K, used 7917K [0x0000000781f80000, 0x000000078f380000, 0x00000007c0000000)
  eden space 194560K, 0% used [0x0000000781f80000,0x0000000781f80000,0x000000078dd80000)
  from space 11264K, 70% used [0x000000078e880000,0x000000078f03b600,0x000000078f380000)
  to   space 11264K, 0% used [0x000000078dd80000,0x000000078dd80000,0x000000078e880000)
 ParOldGen       total 128512K, used 2858K [0x0000000705e00000, 0x000000070db80000, 0x0000000781f80000)
  object space 128512K, 2% used [0x0000000705e00000,0x00000007060ca868,0x000000070db80000)
 Metaspace       used 20395K, capacity 21240K, committed 21248K, reserved 1067008K
  class space    used 2610K, capacity 2810K, committed 2816K, reserved 1048576K
Event: 2.492 GC heap after
Heap after GC invocations=7 (full 1):
 PSYoungGen      total 205824K, used 0K [0x0000000781f80000, 0x000000078f380000, 0x00000007c0000000)
  eden space 194560K, 0% used [0x0000000781f80000,0x0000000781f80000,0x000000078dd80000)
  from space 11264K, 0% used [0x000000078e880000,0x000000078e880000,0x000000078f380000)
  to   space 11264K, 0% used [0x000000078dd80000,0x000000078dd80000,0x000000078e880000)
 ParOldGen       total 77824K, used 7761K [0x0000000705e00000, 0x000000070aa00000, 0x0000000781f80000)
  object space 77824K, 9% used [0x0000000705e00000,0x00000007065946f8,0x000000070aa00000)
 Metaspace       used 20395K, capacity 21240K, committed 21248K, reserved 1067008K
  class space    used 2610K, capacity 2810K, committed 2816K, reserved 1048576K
}

