# JRE version: OpenJDK Runtime Environment (8.0_252-b09) (build 1.8.0_252-8u252-b09-1~16.04-b09)
# Java VM: OpenJDK 64-Bit Server VM (25.252-b09 mixed mode linux-amd64 compressed oops)
Heap:
 PSYoungGen      total 430592K, used 100428K [0x0000000781f80000, 0x00000007a4400000, 0x00000007c0000000)
  eden space 409088K, 24% used [0x0000000781f80000,0x0000000788193088,0x000000079af00000)
  from space 21504K, 0% used [0x000000079af00000,0x000000079af00000,0x000000079c400000)
  to   space 21504K, 0% used [0x00000007a2f00000,0x00000007a2f00000,0x00000007a4400000)
 ParOldGen       total 155136K, used 29040K [0x0000000705e00000, 0x000000070f580000, 0x0000000781f80000)
  object space 155136K, 18% used [0x0000000705e00000,0x0000000707a5c280,0x000000070f580000)
 Metaspace       used 61217K, capacity 65171K, committed 65320K, reserved 1105920K
  class space    used 8480K, capacity 9156K, committed 9264K, reserved 1048576K
GC Heap History (10 events):
Event: 7.359 GC heap before
{Heap before GC invocations=11 (full 2):
 PSYoungGen      total 322560K, used 308224K [0x0000000781f80000, 0x0000000796d80000, 0x00000007c0000000)
  eden space 308224K, 100% used [0x0000000781f80000,0x0000000794c80000,0x0000000794c80000)
  from space 14336K, 0% used [0x0000000795f80000,0x0000000795f80000,0x0000000796d80000)
  to   space 16384K, 0% used [0x0000000794d80000,0x0000000794d80000,0x0000000795d80000)
 ParOldGen       total 115200K, used 20788K [0x0000000705e00000, 0x000000070ce80000, 0x0000000781f80000)
  object space 115200K, 18% used [0x0000000705e00000,0x000000070724d068,0x000000070ce80000)
 Metaspace       used 53444K, capacity 56752K, committed 57000K, reserved 1097728K
  class space    used 7441K, capacity 8029K, committed 8112K, reserved 1048576K
Event: 7.378 GC heap after
Heap after GC invocations=11 (full 2):
 PSYoungGen      total 325632K, used 16359K [0x0000000781f80000, 0x000000079db00000, 0x00000007c0000000)
  eden space 309248K, 0% used [0x0000000781f80000,0x0000000781f80000,0x0000000794d80000)
  from space 16384K, 99% used [0x0000000794d80000,0x0000000795d79de0,0x0000000795d80000)
  to   space 22528K, 0% used [0x000000079c500000,0x000000079c500000,0x000000079db00000)
 ParOldGen       total 115200K, used 30527K [0x0000000705e00000, 0x000000070ce80000, 0x0000000781f80000)
  object space 115200K, 26% used [0x0000000705e00000,0x0000000707bcfd90,0x000000070ce80000)
 Metaspace       used 53444K, capacity 56752K, committed 57000K, reserved 1097728K
  class space    used 7441K, capacity 8029K, committed 8112K, reserved 1048576K
}
Event: 7.885 GC heap before
{Heap before GC invocations=12 (full 2):
 PSYoungGen      total 325632K, used 77885K [0x0000000781f80000, 0x000000079db00000, 0x00000007c0000000)
  eden space 309248K, 19% used [0x0000000781f80000,0x0000000785b95648,0x0000000794d80000)
  from space 16384K, 99% used [0x0000000794d80000,0x0000000795d79de0,0x0000000795d80000)
  to   space 22528K, 0% used [0x000000079c500000,0x000000079c500000,0x000000079db00000)
 ParOldGen       total 115200K, used 30527K [0x0000000705e00000, 0x000000070ce80000, 0x0000000781f80000)
  object space 115200K, 26% used [0x0000000705e00000,0x0000000707bcfd90,0x000000070ce80000)
 Metaspace       used 55409K, capacity 59087K, committed 59160K, reserved 1099776K
  class space    used 7732K, capacity 8368K, committed 8368K, reserved 1048576K
Event: 7.901 GC heap after
Heap after GC invocations=12 (full 2):
 PSYoungGen      total 429568K, used 11629K [0x0000000781f80000, 0x000000079d900000, 0x00000007c0000000)
  eden space 409088K, 0% used [0x0000000781f80000,0x0000000781f80000,0x000000079af00000)
  from space 20480K, 56% used [0x000000079c500000,0x000000079d05b440,0x000000079d900000)
  to   space 21504K, 0% used [0x000000079af00000,0x000000079af00000,0x000000079c400000)
 ParOldGen       total 115200K, used 30535K [0x0000000705e00000, 0x000000070ce80000, 0x0000000781f80000)
  object space 115200K, 26% used [0x0000000705e00000,0x0000000707bd1d90,0x000000070ce80000)
 Metaspace       used 55409K, capacity 59087K, committed 59160K, reserved 1099776K
  class space    used 7732K, capacity 8368K, committed 8368K, reserved 1048576K
}
Event: 7.902 GC heap before
{Heap before GC invocations=13 (full 3):
 PSYoungGen      total 429568K, used 11629K [0x0000000781f80000, 0x000000079d900000, 0x00000007c0000000)
  eden space 409088K, 0% used [0x0000000781f80000,0x0000000781f80000,0x000000079af00000)
  from space 20480K, 56% used [0x000000079c500000,0x000000079d05b440,0x000000079d900000)
  to   space 21504K, 0% used [0x000000079af00000,0x000000079af00000,0x000000079c400000)
 ParOldGen       total 115200K, used 30535K [0x0000000705e00000, 0x000000070ce80000, 0x0000000781f80000)
  object space 115200K, 26% used [0x0000000705e00000,0x0000000707bd1d90,0x000000070ce80000)
 Metaspace       used 55409K, capacity 59087K, committed 59160K, reserved 1099776K
  class space    used 7732K, capacity 8368K, committed 8368K, reserved 1048576K
Event: 8.068 GC heap after
Heap after GC invocations=13 (full 3):
 PSYoungGen      total 429568K, used 0K [0x0000000781f80000, 0x000000079d900000, 0x00000007c0000000)
  eden space 409088K, 0% used [0x0000000781f80000,0x0000000781f80000,0x000000079af00000)
  from space 20480K, 0% used [0x000000079c500000,0x000000079c500000,0x000000079d900000)
  to   space 21504K, 0% used [0x000000079af00000,0x000000079af00000,0x000000079c400000)
 ParOldGen       total 155136K, used 27066K [0x0000000705e00000, 0x000000070f580000, 0x0000000781f80000)
  object space 155136K, 17% used [0x0000000705e00000,0x000000070786eb58,0x000000070f580000)
 Metaspace       used 55405K, capacity 59081K, committed 59160K, reserved 1099776K
  class space    used 7731K, capacity 8367K, committed 8368K, reserved 1048576K
}
Event: 115.729 GC heap before
{Heap before GC invocations=14 (full 3):
 PSYoungGen      total 429568K, used 103999K [0x0000000781f80000, 0x000000079d900000, 0x00000007c0000000)
  eden space 409088K, 25% used [0x0000000781f80000,0x000000078850fe50,0x000000079af00000)
  from space 20480K, 0% used [0x000000079c500000,0x000000079c500000,0x000000079d900000)
  to   space 21504K, 0% used [0x000000079af00000,0x000000079af00000,0x000000079c400000)
 ParOldGen       total 155136K, used 27066K [0x0000000705e00000, 0x000000070f580000, 0x0000000781f80000)
  object space 155136K, 17% used [0x0000000705e00000,0x000000070786eb58,0x000000070f580000)
 Metaspace       used 61077K, capacity 64837K, committed 64936K, reserved 1105920K
  class space    used 8463K, capacity 9113K, committed 9136K, reserved 1048576K
Event: 115.738 GC heap after
Heap after GC invocations=14 (full 3):
 PSYoungGen      total 430592K, used 4937K [0x0000000781f80000, 0x00000007a4400000, 0x00000007c0000000)
  eden space 409088K, 0% used [0x0000000781f80000,0x0000000781f80000,0x000000079af00000)
  from space 21504K, 22% used [0x000000079af00000,0x000000079b3d24f0,0x000000079c400000)
  to   space 21504K, 0% used [0x00000007a2f00000,0x00000007a2f00000,0x00000007a4400000)
 ParOldGen       total 155136K, used 27138K [0x0000000705e00000, 0x000000070f580000, 0x0000000781f80000)
  object space 155136K, 17% used [0x0000000705e00000,0x0000000707880b68,0x000000070f580000)
 Metaspace       used 61077K, capacity 64837K, committed 64936K, reserved 1105920K
  class space    used 8463K, capacity 9113K, committed 9136K, reserved 1048576K
}
Event: 115.738 GC heap before
{Heap before GC invocations=15 (full 4):
 PSYoungGen      total 430592K, used 4937K [0x0000000781f80000, 0x00000007a4400000, 0x00000007c0000000)
  eden space 409088K, 0% used [0x0000000781f80000,0x0000000781f80000,0x000000079af00000)
  from space 21504K, 22% used [0x000000079af00000,0x000000079b3d24f0,0x000000079c400000)
  to   space 21504K, 0% used [0x00000007a2f00000,0x00000007a2f00000,0x00000007a4400000)
 ParOldGen       total 155136K, used 27138K [0x0000000705e00000, 0x000000070f580000, 0x0000000781f80000)
  object space 155136K, 17% used [0x0000000705e00000,0x0000000707880b68,0x000000070f580000)
 Metaspace       used 61077K, capacity 64837K, committed 64936K, reserved 1105920K
  class space    used 8463K, capacity 9113K, committed 9136K, reserved 1048576K
Event: 116.079 GC heap after
Heap after GC invocations=15 (full 4):
 PSYoungGen      total 430592K, used 0K [0x0000000781f80000, 0x00000007a4400000, 0x00000007c0000000)
  eden space 409088K, 0% used [0x0000000781f80000,0x0000000781f80000,0x000000079af00000)
  from space 21504K, 0% used [0x000000079af00000,0x000000079af00000,0x000000079c400000)
  to   space 21504K, 0% used [0x00000007a2f00000,0x00000007a2f00000,0x00000007a4400000)
 ParOldGen       total 155136K, used 29040K [0x0000000705e00000, 0x000000070f580000, 0x0000000781f80000)
  object space 155136K, 18% used [0x0000000705e00000,0x0000000707a5c280,0x000000070f580000)
 Metaspace       used 61073K, capacity 64831K, committed 64936K, reserved 1105920K
  class space    used 8462K, capacity 9112K, committed 9136K, reserved 1048576K
}

