# JRE version: OpenJDK Runtime Environment (8.0_252-b09) (build 1.8.0_252-8u252-b09-1~16.04-b09)
# Java VM: OpenJDK 64-Bit Server VM (25.252-b09 mixed mode linux-amd64 compressed oops)
Heap:
 PSYoungGen      total 440320K, used 104410K [0x0000000781f80000, 0x00000007a5b80000, 0x00000007c0000000)
  eden space 418304K, 24% used [0x0000000781f80000,0x0000000788576898,0x000000079b800000)
  from space 22016K, 0% used [0x000000079b800000,0x000000079b800000,0x000000079cd80000)
  to   space 22528K, 0% used [0x00000007a4580000,0x00000007a4580000,0x00000007a5b80000)
 ParOldGen       total 150528K, used 24490K [0x0000000705e00000, 0x000000070f100000, 0x0000000781f80000)
  object space 150528K, 16% used [0x0000000705e00000,0x00000007075eaa40,0x000000070f100000)
 Metaspace       used 55920K, capacity 59730K, committed 60032K, reserved 1101824K
  class space    used 7833K, capacity 8515K, committed 8576K, reserved 1048576K
GC Heap History (10 events):
Event: 9.859 GC heap before
{Heap before GC invocations=11 (full 2):
 PSYoungGen      total 336384K, used 322048K [0x0000000781f80000, 0x0000000797c00000, 0x00000007c0000000)
  eden space 322048K, 100% used [0x0000000781f80000,0x0000000795a00000,0x0000000795a00000)
  from space 14336K, 0% used [0x0000000796e00000,0x0000000796e00000,0x0000000797c00000)
  to   space 16896K, 0% used [0x0000000795b00000,0x0000000795b00000,0x0000000796b80000)
 ParOldGen       total 113664K, used 20640K [0x0000000705e00000, 0x000000070cd00000, 0x0000000781f80000)
  object space 113664K, 18% used [0x0000000705e00000,0x0000000707228110,0x000000070cd00000)
 Metaspace       used 53676K, capacity 56976K, committed 57344K, reserved 1097728K
  class space    used 7474K, capacity 8073K, committed 8192K, reserved 1048576K
Event: 9.879 GC heap after
Heap after GC invocations=11 (full 2):
 PSYoungGen      total 339968K, used 16885K [0x0000000781f80000, 0x000000079e400000, 0x00000007c0000000)
  eden space 323072K, 0% used [0x0000000781f80000,0x0000000781f80000,0x0000000795b00000)
  from space 16896K, 99% used [0x0000000795b00000,0x0000000796b7d6c0,0x0000000796b80000)
  to   space 23040K, 0% used [0x000000079cd80000,0x000000079cd80000,0x000000079e400000)
 ParOldGen       total 113664K, used 30281K [0x0000000705e00000, 0x000000070cd00000, 0x0000000781f80000)
  object space 113664K, 26% used [0x0000000705e00000,0x0000000707b926a0,0x000000070cd00000)
 Metaspace       used 53676K, capacity 56976K, committed 57344K, reserved 1097728K
  class space    used 7474K, capacity 8073K, committed 8192K, reserved 1048576K
}
Event: 10.656 GC heap before
{Heap before GC invocations=12 (full 2):
 PSYoungGen      total 339968K, used 81611K [0x0000000781f80000, 0x000000079e400000, 0x00000007c0000000)
  eden space 323072K, 20% used [0x0000000781f80000,0x0000000785eb5680,0x0000000795b00000)
  from space 16896K, 99% used [0x0000000795b00000,0x0000000796b7d6c0,0x0000000796b80000)
  to   space 23040K, 0% used [0x000000079cd80000,0x000000079cd80000,0x000000079e400000)
 ParOldGen       total 113664K, used 30281K [0x0000000705e00000, 0x000000070cd00000, 0x0000000781f80000)
  object space 113664K, 26% used [0x0000000705e00000,0x0000000707b926a0,0x000000070cd00000)
 Metaspace       used 55186K, capacity 58814K, committed 59008K, reserved 1099776K
  class space    used 7700K, capacity 8314K, committed 8320K, reserved 1048576K
Event: 10.678 GC heap after
Heap after GC invocations=12 (full 2):
 PSYoungGen      total 440320K, used 11115K [0x0000000781f80000, 0x000000079e300000, 0x00000007c0000000)
  eden space 418304K, 0% used [0x0000000781f80000,0x0000000781f80000,0x000000079b800000)
  from space 22016K, 50% used [0x000000079cd80000,0x000000079d85ac28,0x000000079e300000)
  to   space 22016K, 0% used [0x000000079b800000,0x000000079b800000,0x000000079cd80000)
 ParOldGen       total 113664K, used 30289K [0x0000000705e00000, 0x000000070cd00000, 0x0000000781f80000)
  object space 113664K, 26% used [0x0000000705e00000,0x0000000707b946a0,0x000000070cd00000)
 Metaspace       used 55186K, capacity 58814K, committed 59008K, reserved 1099776K
  class space    used 7700K, capacity 8314K, committed 8320K, reserved 1048576K
}
Event: 10.678 GC heap before
{Heap before GC invocations=13 (full 3):
 PSYoungGen      total 440320K, used 11115K [0x0000000781f80000, 0x000000079e300000, 0x00000007c0000000)
  eden space 418304K, 0% used [0x0000000781f80000,0x0000000781f80000,0x000000079b800000)
  from space 22016K, 50% used [0x000000079cd80000,0x000000079d85ac28,0x000000079e300000)
  to   space 22016K, 0% used [0x000000079b800000,0x000000079b800000,0x000000079cd80000)
 ParOldGen       total 113664K, used 30289K [0x0000000705e00000, 0x000000070cd00000, 0x0000000781f80000)
  object space 113664K, 26% used [0x0000000705e00000,0x0000000707b946a0,0x000000070cd00000)
 Metaspace       used 55186K, capacity 58814K, committed 59008K, reserved 1099776K
  class space    used 7700K, capacity 8314K, committed 8320K, reserved 1048576K
Event: 10.871 GC heap after
Heap after GC invocations=13 (full 3):
 PSYoungGen      total 440320K, used 0K [0x0000000781f80000, 0x000000079e300000, 0x00000007c0000000)
  eden space 418304K, 0% used [0x0000000781f80000,0x0000000781f80000,0x000000079b800000)
  from space 22016K, 0% used [0x000000079cd80000,0x000000079cd80000,0x000000079e300000)
  to   space 22016K, 0% used [0x000000079b800000,0x000000079b800000,0x000000079cd80000)
 ParOldGen       total 150528K, used 26539K [0x0000000705e00000, 0x000000070f100000, 0x0000000781f80000)
  object space 150528K, 17% used [0x0000000705e00000,0x00000007077ead10,0x000000070f100000)
 Metaspace       used 55182K, capacity 58808K, committed 59008K, reserved 1099776K
  class space    used 7700K, capacity 8313K, committed 8320K, reserved 1048576K
}
Event: 25.336 GC heap before
{Heap before GC invocations=14 (full 3):
 PSYoungGen      total 440320K, used 62886K [0x0000000781f80000, 0x000000079e300000, 0x00000007c0000000)
  eden space 418304K, 15% used [0x0000000781f80000,0x0000000785ce9a10,0x000000079b800000)
  from space 22016K, 0% used [0x000000079cd80000,0x000000079cd80000,0x000000079e300000)
  to   space 22016K, 0% used [0x000000079b800000,0x000000079b800000,0x000000079cd80000)
 ParOldGen       total 150528K, used 26539K [0x0000000705e00000, 0x000000070f100000, 0x0000000781f80000)
  object space 150528K, 17% used [0x0000000705e00000,0x00000007077ead10,0x000000070f100000)
 Metaspace       used 55782K, capacity 59518K, committed 59776K, reserved 1099776K
  class space    used 7815K, capacity 8471K, committed 8576K, reserved 1048576K
Event: 25.340 GC heap after
Heap after GC invocations=14 (full 3):
 PSYoungGen      total 440320K, used 1073K [0x0000000781f80000, 0x00000007a5b80000, 0x00000007c0000000)
  eden space 418304K, 0% used [0x0000000781f80000,0x0000000781f80000,0x000000079b800000)
  from space 22016K, 4% used [0x000000079b800000,0x000000079b90c4a0,0x000000079cd80000)
  to   space 22528K, 0% used [0x00000007a4580000,0x00000007a4580000,0x00000007a5b80000)
 ParOldGen       total 150528K, used 26547K [0x0000000705e00000, 0x000000070f100000, 0x0000000781f80000)
  object space 150528K, 17% used [0x0000000705e00000,0x00000007077ecd10,0x000000070f100000)
 Metaspace       used 55782K, capacity 59518K, committed 59776K, reserved 1099776K
  class space    used 7815K, capacity 8471K, committed 8576K, reserved 1048576K
}
Event: 25.340 GC heap before
{Heap before GC invocations=15 (full 4):
 PSYoungGen      total 440320K, used 1073K [0x0000000781f80000, 0x00000007a5b80000, 0x00000007c0000000)
  eden space 418304K, 0% used [0x0000000781f80000,0x0000000781f80000,0x000000079b800000)
  from space 22016K, 4% used [0x000000079b800000,0x000000079b90c4a0,0x000000079cd80000)
  to   space 22528K, 0% used [0x00000007a4580000,0x00000007a4580000,0x00000007a5b80000)
 ParOldGen       total 150528K, used 26547K [0x0000000705e00000, 0x000000070f100000, 0x0000000781f80000)
  object space 150528K, 17% used [0x0000000705e00000,0x00000007077ecd10,0x000000070f100000)
 Metaspace       used 55782K, capacity 59518K, committed 59776K, reserved 1099776K
  class space    used 7815K, capacity 8471K, committed 8576K, reserved 1048576K
Event: 25.597 GC heap after
Heap after GC invocations=15 (full 4):
 PSYoungGen      total 440320K, used 0K [0x0000000781f80000, 0x00000007a5b80000, 0x00000007c0000000)
  eden space 418304K, 0% used [0x0000000781f80000,0x0000000781f80000,0x000000079b800000)
  from space 22016K, 0% used [0x000000079b800000,0x000000079b800000,0x000000079cd80000)
  to   space 22528K, 0% used [0x00000007a4580000,0x00000007a4580000,0x00000007a5b80000)
 ParOldGen       total 150528K, used 24490K [0x0000000705e00000, 0x000000070f100000, 0x0000000781f80000)
  object space 150528K, 16% used [0x0000000705e00000,0x00000007075eaa40,0x000000070f100000)
 Metaspace       used 55782K, capacity 59518K, committed 59776K, reserved 1099776K
  class space    used 7815K, capacity 8471K, committed 8576K, reserved 1048576K
}

