# JRE version: OpenJDK Runtime Environment (8.0_252-b09) (build 1.8.0_252-8u252-b09-1~16.04-b09)
# Java VM: OpenJDK 64-Bit Server VM (25.252-b09 mixed mode linux-amd64 compressed oops)
Heap:
 PSYoungGen      total 629248K, used 111432K [0x0000000781f80000, 0x00000007ab880000, 0x00000007c0000000)
  eden space 628736K, 17% used [0x0000000781f80000,0x0000000788c523c0,0x00000007a8580000)
  from space 512K, 0% used [0x00000007ab800000,0x00000007ab800000,0x00000007ab880000)
  to   space 24576K, 0% used [0x00000007a8880000,0x00000007a8880000,0x00000007aa080000)
 ParOldGen       total 156160K, used 24121K [0x0000000705e00000, 0x000000070f680000, 0x0000000781f80000)
  object space 156160K, 15% used [0x0000000705e00000,0x000000070758e7a0,0x000000070f680000)
 Metaspace       used 55819K, capacity 59648K, committed 59800K, reserved 1099776K
  class space    used 7823K, capacity 8514K, committed 8600K, reserved 1048576K
GC Heap History (10 events):
Event: 8.220 GC heap before
{Heap before GC invocations=10 (full 2):
 PSYoungGen      total 398848K, used 382976K [0x0000000781f80000, 0x000000079ff00000, 0x00000007c0000000)
  eden space 382976K, 100% used [0x0000000781f80000,0x0000000799580000,0x0000000799580000)
  from space 15872K, 0% used [0x0000000799580000,0x0000000799580000,0x000000079a500000)
  to   space 17920K, 0% used [0x000000079ed80000,0x000000079ed80000,0x000000079ff00000)
 ParOldGen       total 126976K, used 20477K [0x0000000705e00000, 0x000000070da00000, 0x0000000781f80000)
  object space 126976K, 16% used [0x0000000705e00000,0x00000007071ff4f8,0x000000070da00000)
 Metaspace       used 55285K, capacity 58892K, committed 59056K, reserved 1099776K
  class space    used 7725K, capacity 8345K, committed 8368K, reserved 1048576K
Event: 8.245 GC heap after
Heap after GC invocations=10 (full 2):
 PSYoungGen      total 466432K, used 17910K [0x0000000781f80000, 0x00000007a7100000, 0x00000007c0000000)
  eden space 448512K, 0% used [0x0000000781f80000,0x0000000781f80000,0x000000079d580000)
  from space 17920K, 99% used [0x000000079ed80000,0x000000079fefd868,0x000000079ff00000)
  to   space 24576K, 0% used [0x000000079d580000,0x000000079d580000,0x000000079ed80000)
 ParOldGen       total 126976K, used 30916K [0x0000000705e00000, 0x000000070da00000, 0x0000000781f80000)
  object space 126976K, 24% used [0x0000000705e00000,0x0000000707c31338,0x000000070da00000)
 Metaspace       used 55285K, capacity 58892K, committed 59056K, reserved 1099776K
  class space    used 7725K, capacity 8345K, committed 8368K, reserved 1048576K
}
Event: 8.266 GC heap before
{Heap before GC invocations=11 (full 2):
 PSYoungGen      total 466432K, used 27670K [0x0000000781f80000, 0x00000007a7100000, 0x00000007c0000000)
  eden space 448512K, 2% used [0x0000000781f80000,0x0000000782907ff8,0x000000079d580000)
  from space 17920K, 99% used [0x000000079ed80000,0x000000079fefd868,0x000000079ff00000)
  to   space 24576K, 0% used [0x000000079d580000,0x000000079d580000,0x000000079ed80000)
 ParOldGen       total 126976K, used 30916K [0x0000000705e00000, 0x000000070da00000, 0x0000000781f80000)
  object space 126976K, 24% used [0x0000000705e00000,0x0000000707c31338,0x000000070da00000)
 Metaspace       used 55434K, capacity 59052K, committed 59160K, reserved 1099776K
  class space    used 7746K, capacity 8377K, committed 8472K, reserved 1048576K
Event: 8.280 GC heap after
Heap after GC invocations=11 (full 2):
 PSYoungGen      total 473088K, used 10330K [0x0000000781f80000, 0x00000007acf00000, 0x00000007c0000000)
  eden space 448512K, 0% used [0x0000000781f80000,0x0000000781f80000,0x000000079d580000)
  from space 24576K, 42% used [0x000000079d580000,0x000000079df96908,0x000000079ed80000)
  to   space 23552K, 0% used [0x00000007ab800000,0x00000007ab800000,0x00000007acf00000)
 ParOldGen       total 126976K, used 30924K [0x0000000705e00000, 0x000000070da00000, 0x0000000781f80000)
  object space 126976K, 24% used [0x0000000705e00000,0x0000000707c33338,0x000000070da00000)
 Metaspace       used 55434K, capacity 59052K, committed 59160K, reserved 1099776K
  class space    used 7746K, capacity 8377K, committed 8472K, reserved 1048576K
}
Event: 8.280 GC heap before
{Heap before GC invocations=12 (full 3):
 PSYoungGen      total 473088K, used 10330K [0x0000000781f80000, 0x00000007acf00000, 0x00000007c0000000)
  eden space 448512K, 0% used [0x0000000781f80000,0x0000000781f80000,0x000000079d580000)
  from space 24576K, 42% used [0x000000079d580000,0x000000079df96908,0x000000079ed80000)
  to   space 23552K, 0% used [0x00000007ab800000,0x00000007ab800000,0x00000007acf00000)
 ParOldGen       total 126976K, used 30924K [0x0000000705e00000, 0x000000070da00000, 0x0000000781f80000)
  object space 126976K, 24% used [0x0000000705e00000,0x0000000707c33338,0x000000070da00000)
 Metaspace       used 55434K, capacity 59052K, committed 59160K, reserved 1099776K
  class space    used 7746K, capacity 8377K, committed 8472K, reserved 1048576K
Event: 8.581 GC heap after
Heap after GC invocations=12 (full 3):
 PSYoungGen      total 473088K, used 0K [0x0000000781f80000, 0x00000007acf00000, 0x00000007c0000000)
  eden space 448512K, 0% used [0x0000000781f80000,0x0000000781f80000,0x000000079d580000)
  from space 24576K, 0% used [0x000000079d580000,0x000000079d580000,0x000000079ed80000)
  to   space 23552K, 0% used [0x00000007ab800000,0x00000007ab800000,0x00000007acf00000)
 ParOldGen       total 156160K, used 25852K [0x0000000705e00000, 0x000000070f680000, 0x0000000781f80000)
  object space 156160K, 16% used [0x0000000705e00000,0x000000070773f3d0,0x000000070f680000)
 Metaspace       used 55430K, capacity 59046K, committed 59160K, reserved 1099776K
  class space    used 7745K, capacity 8376K, committed 8472K, reserved 1048576K
}
Event: 14.699 GC heap before
{Heap before GC invocations=13 (full 3):
 PSYoungGen      total 473088K, used 56034K [0x0000000781f80000, 0x00000007acf00000, 0x00000007c0000000)
  eden space 448512K, 12% used [0x0000000781f80000,0x0000000785638a28,0x000000079d580000)
  from space 24576K, 0% used [0x000000079d580000,0x000000079d580000,0x000000079ed80000)
  to   space 23552K, 0% used [0x00000007ab800000,0x00000007ab800000,0x00000007acf00000)
 ParOldGen       total 156160K, used 25852K [0x0000000705e00000, 0x000000070f680000, 0x0000000781f80000)
  object space 156160K, 16% used [0x0000000705e00000,0x000000070773f3d0,0x000000070f680000)
 Metaspace       used 55688K, capacity 59436K, committed 59672K, reserved 1099776K
  class space    used 7806K, capacity 8470K, committed 8472K, reserved 1048576K
Event: 14.701 GC heap after
Heap after GC invocations=13 (full 3):
 PSYoungGen      total 629248K, used 484K [0x0000000781f80000, 0x00000007ab880000, 0x00000007c0000000)
  eden space 628736K, 0% used [0x0000000781f80000,0x0000000781f80000,0x00000007a8580000)
  from space 512K, 94% used [0x00000007ab800000,0x00000007ab8792c0,0x00000007ab880000)
  to   space 24576K, 0% used [0x00000007a8880000,0x00000007a8880000,0x00000007aa080000)
 ParOldGen       total 156160K, used 25860K [0x0000000705e00000, 0x000000070f680000, 0x0000000781f80000)
  object space 156160K, 16% used [0x0000000705e00000,0x00000007077413d0,0x000000070f680000)
 Metaspace       used 55688K, capacity 59436K, committed 59672K, reserved 1099776K
  class space    used 7806K, capacity 8470K, committed 8472K, reserved 1048576K
}
Event: 14.701 GC heap before
{Heap before GC invocations=14 (full 4):
 PSYoungGen      total 629248K, used 484K [0x0000000781f80000, 0x00000007ab880000, 0x00000007c0000000)
  eden space 628736K, 0% used [0x0000000781f80000,0x0000000781f80000,0x00000007a8580000)
  from space 512K, 94% used [0x00000007ab800000,0x00000007ab8792c0,0x00000007ab880000)
  to   space 24576K, 0% used [0x00000007a8880000,0x00000007a8880000,0x00000007aa080000)
 ParOldGen       total 156160K, used 25860K [0x0000000705e00000, 0x000000070f680000, 0x0000000781f80000)
  object space 156160K, 16% used [0x0000000705e00000,0x00000007077413d0,0x000000070f680000)
 Metaspace       used 55688K, capacity 59436K, committed 59672K, reserved 1099776K
  class space    used 7806K, capacity 8470K, committed 8472K, reserved 1048576K
Event: 14.964 GC heap after
Heap after GC invocations=14 (full 4):
 PSYoungGen      total 629248K, used 0K [0x0000000781f80000, 0x00000007ab880000, 0x00000007c0000000)
  eden space 628736K, 0% used [0x0000000781f80000,0x0000000781f80000,0x00000007a8580000)
  from space 512K, 0% used [0x00000007ab800000,0x00000007ab800000,0x00000007ab880000)
  to   space 24576K, 0% used [0x00000007a8880000,0x00000007a8880000,0x00000007aa080000)
 ParOldGen       total 156160K, used 24121K [0x0000000705e00000, 0x000000070f680000, 0x0000000781f80000)
  object space 156160K, 15% used [0x0000000705e00000,0x000000070758e7a0,0x000000070f680000)
 Metaspace       used 55688K, capacity 59436K, committed 59672K, reserved 1099776K
  class space    used 7806K, capacity 8470K, committed 8472K, reserved 1048576K
}

