# JRE version: OpenJDK Runtime Environment (8.0_252-b09) (build 1.8.0_252-8u252-b09-1~16.04-b09)
# Java VM: OpenJDK 64-Bit Server VM (25.252-b09 mixed mode linux-amd64 compressed oops)
Heap:
 PSYoungGen      total 204800K, used 83835K [0x0000000781f80000, 0x000000078f380000, 0x00000007c0000000)
  eden space 194048K, 43% used [0x0000000781f80000,0x000000078715ed80,0x000000078dd00000)
  from space 10752K, 0% used [0x000000078e800000,0x000000078e800000,0x000000078f280000)
  to   space 11264K, 0% used [0x000000078dd00000,0x000000078dd00000,0x000000078e800000)
 ParOldGen       total 60928K, used 8099K [0x0000000705e00000, 0x0000000709980000, 0x0000000781f80000)
  object space 60928K, 13% used [0x0000000705e00000,0x00000007065e8dc8,0x0000000709980000)
 Metaspace       used 23780K, capacity 24998K, committed 25216K, reserved 1071104K
  class space    used 3162K, capacity 3445K, committed 3456K, reserved 1048576K
GC Heap History (10 events):
Event: 8.343 GC heap before
{Heap before GC invocations=3 (full 0):
 PSYoungGen      total 56320K, used 54749K [0x0000000781f80000, 0x0000000788d80000, 0x00000007c0000000)
  eden space 48640K, 100% used [0x0000000781f80000,0x0000000784f00000,0x0000000784f00000)
  from space 7680K, 79% used [0x0000000785680000,0x0000000785c775b8,0x0000000785e00000)
  to   space 7680K, 0% used [0x0000000784f00000,0x0000000784f00000,0x0000000785680000)
 ParOldGen       total 128512K, used 24K [0x0000000705e00000, 0x000000070db80000, 0x0000000781f80000)
  object space 128512K, 0% used [0x0000000705e00000,0x0000000705e06000,0x000000070db80000)
 Metaspace       used 14735K, capacity 15234K, committed 15488K, reserved 1062912K
  class space    used 1777K, capacity 1902K, committed 1920K, reserved 1048576K
Event: 8.352 GC heap after
Heap after GC invocations=3 (full 0):
 PSYoungGen      total 56320K, used 6826K [0x0000000781f80000, 0x0000000788d80000, 0x00000007c0000000)
  eden space 48640K, 0% used [0x0000000781f80000,0x0000000781f80000,0x0000000784f00000)
  from space 7680K, 88% used [0x0000000784f00000,0x00000007855aa9c8,0x0000000785680000)
  to   space 7680K, 0% used [0x0000000788600000,0x0000000788600000,0x0000000788d80000)
 ParOldGen       total 128512K, used 32K [0x0000000705e00000, 0x000000070db80000, 0x0000000781f80000)
  object space 128512K, 0% used [0x0000000705e00000,0x0000000705e08000,0x000000070db80000)
 Metaspace       used 14735K, capacity 15234K, committed 15488K, reserved 1062912K
  class space    used 1777K, capacity 1902K, committed 1920K, reserved 1048576K
}
Event: 9.405 GC heap before
{Heap before GC invocations=4 (full 0):
 PSYoungGen      total 56320K, used 55466K [0x0000000781f80000, 0x0000000788d80000, 0x00000007c0000000)
  eden space 48640K, 100% used [0x0000000781f80000,0x0000000784f00000,0x0000000784f00000)
  from space 7680K, 88% used [0x0000000784f00000,0x00000007855aa9c8,0x0000000785680000)
  to   space 7680K, 0% used [0x0000000788600000,0x0000000788600000,0x0000000788d80000)
 ParOldGen       total 128512K, used 32K [0x0000000705e00000, 0x000000070db80000, 0x0000000781f80000)
  object space 128512K, 0% used [0x0000000705e00000,0x0000000705e08000,0x000000070db80000)
 Metaspace       used 18493K, capacity 19212K, committed 19456K, reserved 1067008K
  class space    used 2345K, capacity 2521K, committed 2560K, reserved 1048576K
Event: 9.414 GC heap after
Heap after GC invocations=4 (full 0):
 PSYoungGen      total 104960K, used 7664K [0x0000000781f80000, 0x0000000788d80000, 0x00000007c0000000)
  eden space 97280K, 0% used [0x0000000781f80000,0x0000000781f80000,0x0000000787e80000)
  from space 7680K, 99% used [0x0000000788600000,0x0000000788d7c158,0x0000000788d80000)
  to   space 7680K, 0% used [0x0000000787e80000,0x0000000787e80000,0x0000000788600000)
 ParOldGen       total 128512K, used 497K [0x0000000705e00000, 0x000000070db80000, 0x0000000781f80000)
  object space 128512K, 0% used [0x0000000705e00000,0x0000000705e7c550,0x000000070db80000)
 Metaspace       used 18493K, capacity 19212K, committed 19456K, reserved 1067008K
  class space    used 2345K, capacity 2521K, committed 2560K, reserved 1048576K
}
Event: 10.509 GC heap before
{Heap before GC invocations=5 (full 0):
 PSYoungGen      total 104960K, used 104944K [0x0000000781f80000, 0x0000000788d80000, 0x00000007c0000000)
  eden space 97280K, 100% used [0x0000000781f80000,0x0000000787e80000,0x0000000787e80000)
  from space 7680K, 99% used [0x0000000788600000,0x0000000788d7c158,0x0000000788d80000)
  to   space 7680K, 0% used [0x0000000787e80000,0x0000000787e80000,0x0000000788600000)
 ParOldGen       total 128512K, used 497K [0x0000000705e00000, 0x000000070db80000, 0x0000000781f80000)
  object space 128512K, 0% used [0x0000000705e00000,0x0000000705e7c550,0x000000070db80000)
 Metaspace       used 20051K, capacity 20954K, committed 21248K, reserved 1067008K
  class space    used 2559K, capacity 2763K, committed 2816K, reserved 1048576K
Event: 10.518 GC heap after
Heap after GC invocations=5 (full 0):
 PSYoungGen      total 104960K, used 7665K [0x0000000781f80000, 0x000000078f280000, 0x00000007c0000000)
  eden space 97280K, 0% used [0x0000000781f80000,0x0000000781f80000,0x0000000787e80000)
  from space 7680K, 99% used [0x0000000787e80000,0x00000007885fc758,0x0000000788600000)
  to   space 10752K, 0% used [0x000000078e800000,0x000000078e800000,0x000000078f280000)
 ParOldGen       total 128512K, used 2501K [0x0000000705e00000, 0x000000070db80000, 0x0000000781f80000)
  object space 128512K, 1% used [0x0000000705e00000,0x0000000706071488,0x000000070db80000)
 Metaspace       used 20051K, capacity 20954K, committed 21248K, reserved 1067008K
  class space    used 2559K, capacity 2763K, committed 2816K, reserved 1048576K
}
Event: 10.795 GC heap before
{Heap before GC invocations=6 (full 0):
 PSYoungGen      total 104960K, used 42979K [0x0000000781f80000, 0x000000078f280000, 0x00000007c0000000)
  eden space 97280K, 36% used [0x0000000781f80000,0x00000007841fc690,0x0000000787e80000)
  from space 7680K, 99% used [0x0000000787e80000,0x00000007885fc758,0x0000000788600000)
  to   space 10752K, 0% used [0x000000078e800000,0x000000078e800000,0x000000078f280000)
 ParOldGen       total 128512K, used 2501K [0x0000000705e00000, 0x000000070db80000, 0x0000000781f80000)
  object space 128512K, 1% used [0x0000000705e00000,0x0000000706071488,0x000000070db80000)
 Metaspace       used 20362K, capacity 21238K, committed 21248K, reserved 1067008K
  class space    used 2610K, capacity 2809K, committed 2816K, reserved 1048576K
Event: 10.804 GC heap after
Heap after GC invocations=6 (full 0):
 PSYoungGen      total 204800K, used 8290K [0x0000000781f80000, 0x000000078f380000, 0x00000007c0000000)
  eden space 194048K, 0% used [0x0000000781f80000,0x0000000781f80000,0x000000078dd00000)
  from space 10752K, 77% used [0x000000078e800000,0x000000078f0188d0,0x000000078f280000)
  to   space 11264K, 0% used [0x000000078dd00000,0x000000078dd00000,0x000000078e800000)
 ParOldGen       total 128512K, used 2509K [0x0000000705e00000, 0x000000070db80000, 0x0000000781f80000)
  object space 128512K, 1% used [0x0000000705e00000,0x0000000706073488,0x000000070db80000)
 Metaspace       used 20362K, capacity 21238K, committed 21248K, reserved 1067008K
  class space    used 2610K, capacity 2809K, committed 2816K, reserved 1048576K
}
Event: 10.804 GC heap before
{Heap before GC invocations=7 (full 1):
 PSYoungGen      total 204800K, used 8290K [0x0000000781f80000, 0x000000078f380000, 0x00000007c0000000)
  eden space 194048K, 0% used [0x0000000781f80000,0x0000000781f80000,0x000000078dd00000)
  from space 10752K, 77% used [0x000000078e800000,0x000000078f0188d0,0x000000078f280000)
  to   space 11264K, 0% used [0x000000078dd00000,0x000000078dd00000,0x000000078e800000)
 ParOldGen       total 128512K, used 2509K [0x0000000705e00000, 0x000000070db80000, 0x0000000781f80000)
  object space 128512K, 1% used [0x0000000705e00000,0x0000000706073488,0x000000070db80000)
 Metaspace       used 20362K, capacity 21238K, committed 21248K, reserved 1067008K
  class space    used 2610K, capacity 2809K, committed 2816K, reserved 1048576K
Event: 10.848 GC heap after
Heap after GC invocations=7 (full 1):
 PSYoungGen      total 204800K, used 0K [0x0000000781f80000, 0x000000078f380000, 0x00000007c0000000)
  eden space 194048K, 0% used [0x0000000781f80000,0x0000000781f80000,0x000000078dd00000)
  from space 10752K, 0% used [0x000000078e800000,0x000000078e800000,0x000000078f280000)
  to   space 11264K, 0% used [0x000000078dd00000,0x000000078dd00000,0x000000078e800000)
 ParOldGen       total 60928K, used 8099K [0x0000000705e00000, 0x0000000709980000, 0x0000000781f80000)
  object space 60928K, 13% used [0x0000000705e00000,0x00000007065e8dc8,0x0000000709980000)
 Metaspace       used 20360K, capacity 21232K, committed 21248K, reserved 1067008K
  class space    used 2610K, capacity 2808K, committed 2816K, reserved 1048576K
}

