# JRE version: OpenJDK Runtime Environment (8.0_252-b09) (build 1.8.0_252-8u252-b09-1~16.04-b09)
# Java VM: OpenJDK 64-Bit Server VM (25.252-b09 mixed mode linux-amd64 compressed oops)
Heap:
 PSYoungGen      total 202240K, used 96099K [0x0000000781f80000, 0x000000079b380000, 0x00000007c0000000)
  eden space 194560K, 49% used [0x0000000781f80000,0x0000000787d58f78,0x000000078dd80000)
  from space 7680K, 0% used [0x000000078dd80000,0x000000078dd80000,0x000000078e500000)
  to   space 12288K, 0% used [0x000000079a780000,0x000000079a780000,0x000000079b380000)
 ParOldGen       total 74752K, used 8235K [0x0000000705e00000, 0x000000070a700000, 0x0000000781f80000)
  object space 74752K, 11% used [0x0000000705e00000,0x000000070660ac08,0x000000070a700000)
 Metaspace       used 23791K, capacity 24990K, committed 25216K, reserved 1071104K
  class space    used 3161K, capacity 3445K, committed 3456K, reserved 1048576K
GC Heap History (10 events):
Event: 1.330 GC heap before
{Heap before GC invocations=2 (full 0):
 PSYoungGen      total 56320K, used 53152K [0x0000000781f80000, 0x0000000788d80000, 0x00000007c0000000)
  eden space 48640K, 100% used [0x0000000781f80000,0x0000000784f00000,0x0000000784f00000)
  from space 7680K, 58% used [0x0000000784f00000,0x0000000785368360,0x0000000785680000)
  to   space 7680K, 0% used [0x0000000788600000,0x0000000788600000,0x0000000788d80000)
 ParOldGen       total 128512K, used 8K [0x0000000705e00000, 0x000000070db80000, 0x0000000781f80000)
  object space 128512K, 0% used [0x0000000705e00000,0x0000000705e02000,0x000000070db80000)
 Metaspace       used 10845K, capacity 11122K, committed 11392K, reserved 1058816K
  class space    used 1297K, capacity 1384K, committed 1408K, reserved 1048576K
Event: 1.341 GC heap after
Heap after GC invocations=2 (full 0):
 PSYoungGen      total 104960K, used 6406K [0x0000000781f80000, 0x0000000788d80000, 0x00000007c0000000)
  eden space 97280K, 0% used [0x0000000781f80000,0x0000000781f80000,0x0000000787e80000)
  from space 7680K, 83% used [0x0000000788600000,0x0000000788c41988,0x0000000788d80000)
  to   space 7680K, 0% used [0x0000000787e80000,0x0000000787e80000,0x0000000788600000)
 ParOldGen       total 128512K, used 16K [0x0000000705e00000, 0x000000070db80000, 0x0000000781f80000)
  object space 128512K, 0% used [0x0000000705e00000,0x0000000705e04000,0x000000070db80000)
 Metaspace       used 10845K, capacity 11122K, committed 11392K, reserved 1058816K
  class space    used 1297K, capacity 1384K, committed 1408K, reserved 1048576K
}
Event: 2.665 GC heap before
{Heap before GC invocations=3 (full 0):
 PSYoungGen      total 104960K, used 103686K [0x0000000781f80000, 0x0000000788d80000, 0x00000007c0000000)
  eden space 97280K, 100% used [0x0000000781f80000,0x0000000787e80000,0x0000000787e80000)
  from space 7680K, 83% used [0x0000000788600000,0x0000000788c41988,0x0000000788d80000)
  to   space 7680K, 0% used [0x0000000787e80000,0x0000000787e80000,0x0000000788600000)
 ParOldGen       total 128512K, used 16K [0x0000000705e00000, 0x000000070db80000, 0x0000000781f80000)
  object space 128512K, 0% used [0x0000000705e00000,0x0000000705e04000,0x000000070db80000)
 Metaspace       used 18657K, capacity 19356K, committed 19584K, reserved 1067008K
  class space    used 2370K, capacity 2561K, committed 2688K, reserved 1048576K
Event: 2.678 GC heap after
Heap after GC invocations=3 (full 0):
 PSYoungGen      total 104960K, used 7656K [0x0000000781f80000, 0x000000078ec80000, 0x00000007c0000000)
  eden space 97280K, 0% used [0x0000000781f80000,0x0000000781f80000,0x0000000787e80000)
  from space 7680K, 99% used [0x0000000787e80000,0x00000007885fa000,0x0000000788600000)
  to   space 7680K, 0% used [0x000000078e500000,0x000000078e500000,0x000000078ec80000)
 ParOldGen       total 128512K, used 3845K [0x0000000705e00000, 0x000000070db80000, 0x0000000781f80000)
  object space 128512K, 2% used [0x0000000705e00000,0x00000007061c1400,0x000000070db80000)
 Metaspace       used 18657K, capacity 19356K, committed 19584K, reserved 1067008K
  class space    used 2370K, capacity 2561K, committed 2688K, reserved 1048576K
}
Event: 3.458 GC heap before
{Heap before GC invocations=4 (full 0):
 PSYoungGen      total 104960K, used 104936K [0x0000000781f80000, 0x000000078ec80000, 0x00000007c0000000)
  eden space 97280K, 100% used [0x0000000781f80000,0x0000000787e80000,0x0000000787e80000)
  from space 7680K, 99% used [0x0000000787e80000,0x00000007885fa000,0x0000000788600000)
  to   space 7680K, 0% used [0x000000078e500000,0x000000078e500000,0x000000078ec80000)
 ParOldGen       total 128512K, used 3845K [0x0000000705e00000, 0x000000070db80000, 0x0000000781f80000)
  object space 128512K, 2% used [0x0000000705e00000,0x00000007061c1400,0x000000070db80000)
 Metaspace       used 20143K, capacity 21052K, committed 21248K, reserved 1067008K
  class space    used 2571K, capacity 2768K, committed 2816K, reserved 1048576K
Event: 3.474 GC heap after
Heap after GC invocations=4 (full 0):
 PSYoungGen      total 202240K, used 7666K [0x0000000781f80000, 0x000000078ec80000, 0x00000007c0000000)
  eden space 194560K, 0% used [0x0000000781f80000,0x0000000781f80000,0x000000078dd80000)
  from space 7680K, 99% used [0x000000078e500000,0x000000078ec7c900,0x000000078ec80000)
  to   space 7680K, 0% used [0x000000078dd80000,0x000000078dd80000,0x000000078e500000)
 ParOldGen       total 128512K, used 5829K [0x0000000705e00000, 0x000000070db80000, 0x0000000781f80000)
  object space 128512K, 4% used [0x0000000705e00000,0x00000007063b17e8,0x000000070db80000)
 Metaspace       used 20143K, capacity 21052K, committed 21248K, reserved 1067008K
  class space    used 2571K, capacity 2768K, committed 2816K, reserved 1048576K
}
Event: 3.583 GC heap before
{Heap before GC invocations=5 (full 0):
 PSYoungGen      total 202240K, used 27101K [0x0000000781f80000, 0x000000078ec80000, 0x00000007c0000000)
  eden space 194560K, 9% used [0x0000000781f80000,0x000000078327ae98,0x000000078dd80000)
  from space 7680K, 99% used [0x000000078e500000,0x000000078ec7c900,0x000000078ec80000)
  to   space 7680K, 0% used [0x000000078dd80000,0x000000078dd80000,0x000000078e500000)
 ParOldGen       total 128512K, used 5829K [0x0000000705e00000, 0x000000070db80000, 0x0000000781f80000)
  object space 128512K, 4% used [0x0000000705e00000,0x00000007063b17e8,0x000000070db80000)
 Metaspace       used 20294K, capacity 21178K, committed 21248K, reserved 1067008K
  class space    used 2595K, capacity 2809K, committed 2816K, reserved 1048576K
Event: 3.599 GC heap after
Heap after GC invocations=5 (full 0):
 PSYoungGen      total 202240K, used 7649K [0x0000000781f80000, 0x000000079b380000, 0x00000007c0000000)
  eden space 194560K, 0% used [0x0000000781f80000,0x0000000781f80000,0x000000078dd80000)
  from space 7680K, 99% used [0x000000078dd80000,0x000000078e4f86c0,0x000000078e500000)
  to   space 12288K, 0% used [0x000000079a780000,0x000000079a780000,0x000000079b380000)
 ParOldGen       total 128512K, used 6510K [0x0000000705e00000, 0x000000070db80000, 0x0000000781f80000)
  object space 128512K, 5% used [0x0000000705e00000,0x000000070645b818,0x000000070db80000)
 Metaspace       used 20294K, capacity 21178K, committed 21248K, reserved 1067008K
  class space    used 2595K, capacity 2809K, committed 2816K, reserved 1048576K
}
Event: 3.599 GC heap before
{Heap before GC invocations=6 (full 1):
 PSYoungGen      total 202240K, used 7649K [0x0000000781f80000, 0x000000079b380000, 0x00000007c0000000)
  eden space 194560K, 0% used [0x0000000781f80000,0x0000000781f80000,0x000000078dd80000)
  from space 7680K, 99% used [0x000000078dd80000,0x000000078e4f86c0,0x000000078e500000)
  to   space 12288K, 0% used [0x000000079a780000,0x000000079a780000,0x000000079b380000)
 ParOldGen       total 128512K, used 6510K [0x0000000705e00000, 0x000000070db80000, 0x0000000781f80000)
  object space 128512K, 5% used [0x0000000705e00000,0x000000070645b818,0x000000070db80000)
 Metaspace       used 20294K, capacity 21178K, committed 21248K, reserved 1067008K
  class space    used 2595K, capacity 2809K, committed 2816K, reserved 1048576K
Event: 3.677 GC heap after
Heap after GC invocations=6 (full 1):
 PSYoungGen      total 202240K, used 0K [0x0000000781f80000, 0x000000079b380000, 0x00000007c0000000)
  eden space 194560K, 0% used [0x0000000781f80000,0x0000000781f80000,0x000000078dd80000)
  from space 7680K, 0% used [0x000000078dd80000,0x000000078dd80000,0x000000078e500000)
  to   space 12288K, 0% used [0x000000079a780000,0x000000079a780000,0x000000079b380000)
 ParOldGen       total 74752K, used 8235K [0x0000000705e00000, 0x000000070a700000, 0x0000000781f80000)
  object space 74752K, 11% used [0x0000000705e00000,0x000000070660ac08,0x000000070a700000)
 Metaspace       used 20292K, capacity 21172K, committed 21248K, reserved 1067008K
  class space    used 2594K, capacity 2808K, committed 2816K, reserved 1048576K
}

