# JRE version: OpenJDK Runtime Environment (8.0_252-b09) (build 1.8.0_252-8u252-b09-1~16.04-b09)
# Java VM: OpenJDK 64-Bit Server VM (25.252-b09 mixed mode linux-amd64 compressed oops)
Heap:
 PSYoungGen      total 427520K, used 113065K [0x0000000781f80000, 0x00000007a3100000, 0x00000007c0000000)
  eden space 405504K, 27% used [0x0000000781f80000,0x0000000788dea440,0x000000079ab80000)
  from space 22016K, 0% used [0x000000079ab80000,0x000000079ab80000,0x000000079c100000)
  to   space 22016K, 0% used [0x00000007a1b80000,0x00000007a1b80000,0x00000007a3100000)
 ParOldGen       total 163328K, used 28465K [0x0000000705e00000, 0x000000070fd80000, 0x0000000781f80000)
  object space 163328K, 17% used [0x0000000705e00000,0x00000007079cc698,0x000000070fd80000)
 Metaspace       used 59122K, capacity 63078K, committed 63360K, reserved 1103872K
  class space    used 8246K, capacity 8969K, committed 9088K, reserved 1048576K
GC Heap History (10 events):
Event: 6.038 GC heap before
{Heap before GC invocations=11 (full 2):
 PSYoungGen      total 330752K, used 316416K [0x0000000781f80000, 0x0000000797580000, 0x00000007c0000000)
  eden space 316416K, 100% used [0x0000000781f80000,0x0000000795480000,0x0000000795480000)
  from space 14336K, 0% used [0x0000000796780000,0x0000000796780000,0x0000000797580000)
  to   space 16384K, 0% used [0x0000000795580000,0x0000000795580000,0x0000000796580000)
 ParOldGen       total 118272K, used 20485K [0x0000000705e00000, 0x000000070d180000, 0x0000000781f80000)
  object space 118272K, 17% used [0x0000000705e00000,0x0000000707201710,0x000000070d180000)
 Metaspace       used 53944K, capacity 57378K, committed 57600K, reserved 1099776K
  class space    used 7519K, capacity 8140K, committed 8192K, reserved 1048576K
Event: 6.061 GC heap after
Heap after GC invocations=11 (full 2):
 PSYoungGen      total 333824K, used 16379K [0x0000000781f80000, 0x000000079d800000, 0x00000007c0000000)
  eden space 317440K, 0% used [0x0000000781f80000,0x0000000781f80000,0x0000000795580000)
  from space 16384K, 99% used [0x0000000795580000,0x000000079657edc0,0x0000000796580000)
  to   space 23040K, 0% used [0x000000079c180000,0x000000079c180000,0x000000079d800000)
 ParOldGen       total 118272K, used 31099K [0x0000000705e00000, 0x000000070d180000, 0x0000000781f80000)
  object space 118272K, 26% used [0x0000000705e00000,0x0000000707c5ed30,0x000000070d180000)
 Metaspace       used 53944K, capacity 57378K, committed 57600K, reserved 1099776K
  class space    used 7519K, capacity 8140K, committed 8192K, reserved 1048576K
}
Event: 6.471 GC heap before
{Heap before GC invocations=12 (full 2):
 PSYoungGen      total 333824K, used 72649K [0x0000000781f80000, 0x000000079d800000, 0x00000007c0000000)
  eden space 317440K, 17% used [0x0000000781f80000,0x0000000785673728,0x0000000795580000)
  from space 16384K, 99% used [0x0000000795580000,0x000000079657edc0,0x0000000796580000)
  to   space 23040K, 0% used [0x000000079c180000,0x000000079c180000,0x000000079d800000)
 ParOldGen       total 118272K, used 31099K [0x0000000705e00000, 0x000000070d180000, 0x0000000781f80000)
  object space 118272K, 26% used [0x0000000705e00000,0x0000000707c5ed30,0x000000070d180000)
 Metaspace       used 55276K, capacity 58904K, committed 59028K, reserved 1099776K
  class space    used 7719K, capacity 8345K, committed 8448K, reserved 1048576K
Event: 6.485 GC heap after
Heap after GC invocations=12 (full 2):
 PSYoungGen      total 427008K, used 11039K [0x0000000781f80000, 0x000000079d680000, 0x00000007c0000000)
  eden space 405504K, 0% used [0x0000000781f80000,0x0000000781f80000,0x000000079ab80000)
  from space 21504K, 51% used [0x000000079c180000,0x000000079cc47f60,0x000000079d680000)
  to   space 22016K, 0% used [0x000000079ab80000,0x000000079ab80000,0x000000079c100000)
 ParOldGen       total 118272K, used 31107K [0x0000000705e00000, 0x000000070d180000, 0x0000000781f80000)
  object space 118272K, 26% used [0x0000000705e00000,0x0000000707c60d30,0x000000070d180000)
 Metaspace       used 55276K, capacity 58904K, committed 59028K, reserved 1099776K
  class space    used 7719K, capacity 8345K, committed 8448K, reserved 1048576K
}
Event: 6.485 GC heap before
{Heap before GC invocations=13 (full 3):
 PSYoungGen      total 427008K, used 11039K [0x0000000781f80000, 0x000000079d680000, 0x00000007c0000000)
  eden space 405504K, 0% used [0x0000000781f80000,0x0000000781f80000,0x000000079ab80000)
  from space 21504K, 51% used [0x000000079c180000,0x000000079cc47f60,0x000000079d680000)
  to   space 22016K, 0% used [0x000000079ab80000,0x000000079ab80000,0x000000079c100000)
 ParOldGen       total 118272K, used 31107K [0x0000000705e00000, 0x000000070d180000, 0x0000000781f80000)
  object space 118272K, 26% used [0x0000000705e00000,0x0000000707c60d30,0x000000070d180000)
 Metaspace       used 55276K, capacity 58904K, committed 59028K, reserved 1099776K
  class space    used 7719K, capacity 8345K, committed 8448K, reserved 1048576K
Event: 6.678 GC heap after
Heap after GC invocations=13 (full 3):
 PSYoungGen      total 427008K, used 0K [0x0000000781f80000, 0x000000079d680000, 0x00000007c0000000)
  eden space 405504K, 0% used [0x0000000781f80000,0x0000000781f80000,0x000000079ab80000)
  from space 21504K, 0% used [0x000000079c180000,0x000000079c180000,0x000000079d680000)
  to   space 22016K, 0% used [0x000000079ab80000,0x000000079ab80000,0x000000079c100000)
 ParOldGen       total 163328K, used 26469K [0x0000000705e00000, 0x000000070fd80000, 0x0000000781f80000)
  object space 163328K, 16% used [0x0000000705e00000,0x00000007077d9770,0x000000070fd80000)
 Metaspace       used 55272K, capacity 58898K, committed 59028K, reserved 1099776K
  class space    used 7719K, capacity 8344K, committed 8448K, reserved 1048576K
}
Event: 224.452 GC heap before
{Heap before GC invocations=14 (full 3):
 PSYoungGen      total 427008K, used 138779K [0x0000000781f80000, 0x000000079d680000, 0x00000007c0000000)
  eden space 405504K, 34% used [0x0000000781f80000,0x000000078a706fe0,0x000000079ab80000)
  from space 21504K, 0% used [0x000000079c180000,0x000000079c180000,0x000000079d680000)
  to   space 22016K, 0% used [0x000000079ab80000,0x000000079ab80000,0x000000079c100000)
 ParOldGen       total 163328K, used 26469K [0x0000000705e00000, 0x000000070fd80000, 0x0000000781f80000)
  object space 163328K, 16% used [0x0000000705e00000,0x00000007077d9770,0x000000070fd80000)
 Metaspace       used 58977K, capacity 62862K, committed 62976K, reserved 1103872K
  class space    used 8229K, capacity 8925K, committed 8960K, reserved 1048576K
Event: 224.458 GC heap after
Heap after GC invocations=14 (full 3):
 PSYoungGen      total 427520K, used 4378K [0x0000000781f80000, 0x00000007a3100000, 0x00000007c0000000)
  eden space 405504K, 0% used [0x0000000781f80000,0x0000000781f80000,0x000000079ab80000)
  from space 22016K, 19% used [0x000000079ab80000,0x000000079afc6a38,0x000000079c100000)
  to   space 22016K, 0% used [0x00000007a1b80000,0x00000007a1b80000,0x00000007a3100000)
 ParOldGen       total 163328K, used 26477K [0x0000000705e00000, 0x000000070fd80000, 0x0000000781f80000)
  object space 163328K, 16% used [0x0000000705e00000,0x00000007077db770,0x000000070fd80000)
 Metaspace       used 58977K, capacity 62862K, committed 62976K, reserved 1103872K
  class space    used 8229K, capacity 8925K, committed 8960K, reserved 1048576K
}
Event: 224.458 GC heap before
{Heap before GC invocations=15 (full 4):
 PSYoungGen      total 427520K, used 4378K [0x0000000781f80000, 0x00000007a3100000, 0x00000007c0000000)
  eden space 405504K, 0% used [0x0000000781f80000,0x0000000781f80000,0x000000079ab80000)
  from space 22016K, 19% used [0x000000079ab80000,0x000000079afc6a38,0x000000079c100000)
  to   space 22016K, 0% used [0x00000007a1b80000,0x00000007a1b80000,0x00000007a3100000)
 ParOldGen       total 163328K, used 26477K [0x0000000705e00000, 0x000000070fd80000, 0x0000000781f80000)
  object space 163328K, 16% used [0x0000000705e00000,0x00000007077db770,0x000000070fd80000)
 Metaspace       used 58977K, capacity 62862K, committed 62976K, reserved 1103872K
  class space    used 8229K, capacity 8925K, committed 8960K, reserved 1048576K
Event: 224.814 GC heap after
Heap after GC invocations=15 (full 4):
 PSYoungGen      total 427520K, used 0K [0x0000000781f80000, 0x00000007a3100000, 0x00000007c0000000)
  eden space 405504K, 0% used [0x0000000781f80000,0x0000000781f80000,0x000000079ab80000)
  from space 22016K, 0% used [0x000000079ab80000,0x000000079ab80000,0x000000079c100000)
  to   space 22016K, 0% used [0x00000007a1b80000,0x00000007a1b80000,0x00000007a3100000)
 ParOldGen       total 163328K, used 28465K [0x0000000705e00000, 0x000000070fd80000, 0x0000000781f80000)
  object space 163328K, 17% used [0x0000000705e00000,0x00000007079cc698,0x000000070fd80000)
 Metaspace       used 58977K, capacity 62862K, committed 62976K, reserved 1103872K
  class space    used 8229K, capacity 8925K, committed 8960K, reserved 1048576K
}

